713.062 0.968357
782.061 0.836228
1872.97 1.01116
495.067 0.960244
448.078 0.96852
255.773 0.399761
2019.94 1.0196
932.027 0.98449
791.865 1.52652
312.704 0.846223
264.535 1.01554
438.542 0.770058
620.627 2.26458
539.362 1.84187
735.526 0.362699
842.43 0.434778
1236.51 0.837263
232.229 1.24986
411.85 0.682524
351.833 2.10635
618.121 1.89464
378.51 0.998473
264.224 1.11417
597.169 0.787801
686.915 1.05018
261.359 2.26404
324.378 0.670994
319.77 1.79056
890.27 1.53059
575.976 0.811037
558.67 0.86975
1073.23 1.48701
119.419 2.81365
954.39 0.620804
329.255 0.941556
1756.67 0.755761
1654.59 1.29244
163.495 0.71895
737.606 0.946046
826.388 0.650737
529.858 1.21311
438.26 0.806669
626.614 -0.237595
454.306 0.45779
-103.927 3.23277
563.408 0.105257
2016.36 1.30544
-362.982 2.72598
253.426 2.03852
1326.74 0.868704
336.406 2.00634
449.63 1.01163
431.731 1.67282
764.414 1.20529
-47.8603 1.22176
619.132 1.24292
96.4562 3.23108
1096.35 1.31971
1206.05 1.01796
224.018 0.894954
544.74 1.98442
701.97 1.46281
897.45 0.96005
720.07 0.390131
1186.57 0.839668
624.802 0.848378
129.808 3.42022
-19.5576 2.56412
1645.41 0.992515
952.454 1.15955
385.927 2.17828
412.887 1.41135
626.329 1.91006
517.247 1.42273
1542.34 0.736706
1077.73 1.18247
626.057 2.06327
306.922 0.503233
645.869 1.39438
417.594 0.58102
851.562 0.69732
838.292 1.43318
807.666 1.14336
-23.8676 3.21751
568.05 0.813134
519.503 0.823181
771.043 0.957884
456.545 2.69161
787.581 1.43705
179.084 2.65877
486.898 2.74761
320.85 1.10943
884.922 1.31077
276.236 1.07435
-173.374 3.03019
775.451 0.864229
1217.04 0.656979
461.879 0.593935
194.544 0.293517
251.958 0.280673
100.018 0.952678
467.193 0.477349
648.243 0.703302
656.464 1.94472
840.746 1.06738
898.502 1.08071
556.284 2.10515
323.074 1.05714
679.651 0.179338
221.831 1.13581
577.444 1.30897
68.2504 1.06519
1639.92 0.761757
1333.72 0.620152
521.901 1.03848
496.612 1.67462
113.093 -0.372424
241.896 2.73328
200.542 1.26437
114.648 2.30876
1332.24 1.61958
288.432 -0.254987
1738.06 0.961515
630.506 0.750009
987.746 1.02451
1290.85 0.870922
1379 0.46006
609.838 0.383806
800.848 0.968369
1030.36 2.99566
1194.72 1.52989
288.872 2.74234
593.339 0.899692
1131.28 1.01089
855.78 1.68729
825.659 1.07872
226.446 2.27062
680.619 1.94825
893.7 1.4503
1197.98 0.845031
763.541 1.24078
428.223 1.07768
297.372 2.68989
83.956 1.47662
875.979 1.0729
472.455 0.88107
582.229 1.54572
67.1365 0.660047
1471.88 0.932972
490.96 1.15975
1597.66 0.901943
975.988 0.847598
414.546 1.24873
1069.91 1.89236
580.265 1.28288
849.698 2.36017
1313.85 1.04443
157.507 1.03922
954.353 0.553195
-62.0561 2.59176
1275.31 1.25376
706.14 1.1798
1177.05 0.822089
540.169 2.36272
661.788 0.960904
1349.18 0.933912
1365.82 0.915326
646.946 0.963233
692.231 2.10347
1104.41 1.43971
846.554 0.81447
187.763 1.1251
872.755 0.512184
879.609 2.09797
689.841 1.10374
1884.75 1.02281
983.435 0.968221
366.43 0.997904
731.054 0.675501
593.397 0.570326
282.802 2.15093
725.271 1.09022
890.206 0.397323
471.219 1.08648
138.072 1.65919
1229.34 1.23028
1054.38 1.70869
501.695 2.98356
1091.98 0.714407
852.132 0.935022
578.831 1.63103
883.372 1.12688
275.26 1.85787
2907.12 0.914213
128.937 1.09255
340.852 1.21512
2410.63 1.49123
700.752 2.09243
714.411 0.885403
168.769 1.74142
995.215 0.869219
134.189 1.77661
970.353 0.337549
430.942 0.629458
946.908 1.09467
544.174 2.21729
233.007 0.115032
855.531 0.22173
675.674 2.40179
1330 1.31466
671.106 1.66796
338.934 0.608191
558.384 1.98503
886.843 0.874256
726.125 1.67025
181.989 2.6754
624.996 1.63282
-12.9721 2.51451
368.119 2.69918
1282.07 0.896134
912.087 0.821179
530.561 1.77904
795.119 2.01903
240.918 -0.102227
1208.33 0.404669
486.106 0.100813
655.392 1.55738
881.78 2.72698
90.7614 1.87675
857.102 1.04616
798.983 -0.0759642
457.985 -0.0425666
507.562 0.414938
316.512 2.15139
300.141 1.08048
353.332 1.56205
109.446 2.40389
181.313 0.886845
1322.78 0.98768
780.868 0.789482
1178.54 0.934062
282.842 1.07778
358.862 1.17118
234.566 0.153978
519.755 -0.338425
623.857 0.467204
657.172 -0.30527
954.459 0.476733
855.373 1.78788
435.838 0.907482
496.831 2.06375
539.117 2.24448
1181.07 1.06534
766.973 0.880519
627.514 2.21296
897.748 1.37633
411.81 1.12841
1462.45 1.05964
1257.13 0.992403
264.522 0.85985
401.364 1.43449
706.233 0.937501
235.721 2.51533
438.699 1.89161
373.861 2.54405
468.873 0.0601641
196.65 3.17757
721.934 0.55863
64.2572 1.23046
296.141 1.46032
616.546 0.185602
120.324 0.536193
519.528 1.09806
433.755 1.06797
285.43 1.81927
750.443 1.27273
781.35 1.87212
1149.63 0.617761
-58.9925 1.56807
560.965 1.06617
838.784 0.154083
261.732 1.88112
517.334 1.00047
195.135 2.53612
407.6 0.700351
1314.34 1.02153
1066.03 0.877056
429.416 2.53075
368.479 1.66831
289.645 1.95226
611.767 0.957533
525.659 2.33453
1339.68 0.878146
-6.0207 2.02006
167.203 2.82027
537.365 1.37687
81.3032 1.39991
1129.09 0.725663
284.294 2.01713
211.205 0.967769
817.473 1.26766
609.298 1.28307
742.807 2.38057
56.6496 2.30469
417.339 0.614818
924.441 1.13443
1140.53 0.923845
440.095 1.26965
302.49 2.84862
56.8941 1.94749
1145.08 1.13343
1431.05 1.62236
592.186 0.560832
887.476 0.312647
365.288 1.01095
634.257 1.68621
483.042 1.06331
553.013 0.592232
738.011 1.61237
570.941 1.17881
239.713 1.16258
385.341 0.533068
247.79 -0.249234
646.131 1.83311
583.013 1.9433
330.036 2.51514
30.5786 2.69937
1860.05 1.12808
367.647 0.038489
928.444 1.13171
271.326 3.08886
871.64 1.39385
903.941 0.225792
1325.64 0.771538
9.57013 0.870316
908.178 1.09508
698.258 1.58434
300.346 0.217347
488.983 3.34881
609.669 1.06174
499.505 0.678178
410.19 1.66692
411.828 1.67451
333.675 2.35787
196.787 -0.0514624
529.839 2.54453
1138.17 0.57714
226.159 -0.457324
1074.41 1.66986
263.703 -0.325964
849.059 0.253236
1420.55 0.993961
989.96 0.728327
65.5062 3.17688
740.543 1.49644
1327.17 0.816207
654.883 1.36508
889.711 1.09405
838.822 0.593649
458.056 -0.3427
438.749 0.0332706
978.004 1.3246
596.329 0.829352
577.912 0.505148
511.987 1.17193
188.224 0.661131
1018.06 0.761326
479.449 1.06059
710.177 1.02313
371.208 0.53865
238.262 1.53385
715.379 2.67091
282.621 0.639122
448.228 -0.337094
281.666 2.82582
558.859 0.929396
1162.01 1.76007
1085.08 1.55824
739.747 1.33676
700.941 0.948355
554.549 1.04198
127.214 0.0915379
336.095 1.4313
181.228 0.355875
610.07 2.29511
-153.54 3.16436
863.285 1.28919
1636.73 1.17082
208.211 1.0873
752.541 1.21647
504.064 3.18363
296.32 1.84492
97.2408 2.91265
1258.71 0.858583
136.297 1.16058
607.837 0.74509
626.992 1.09588
1029.73 0.844732
831.483 1.2427
436.138 0.707105
111.895 2.00871
638.715 1.00101
-78.4433 3.49475
263.799 1.22607
1109.59 1.43739
1664.56 1.04916
616.312 0.856405
756.897 2.41805
571.989 2.21678
432.291 1.27026
807.868 0.391116
816.98 1.40583
673.109 1.046
514.61 1.09302
1340.39 1.24092
1318.3 1.56575
651.09 1.42948
869.012 1.99419
1272.88 1.50766
1991.69 0.653097
175.279 2.27141
734.221 1.1821
439.023 0.781087
1632.17 0.571219
1340.58 1.20514
1296.96 0.952385
-225.586 3.05285
981.816 1.05182
501.577 2.32797
384.01 1.3965
953.818 1.37592
670.581 0.939835
466.8 1.59984
427.377 2.68198
391.795 1.67652
113.248 0.959272
405.473 2.89788
372.886 -0.422451
418.359 0.0352651
529.606 0.560162
195.862 1.71323
1159.07 0.96303
1159.78 0.628376
1817.16 0.752515
736.419 1.98854
892.407 1.43575
1657.56 0.630037
1066.71 1.11708
1215.31 0.976158
-44.9775 2.74599
477.591 -0.284416
593.703 2.09298
968.228 0.719242
605.925 -0.175963
495.596 2.0779
542.508 2.83305
446.585 0.689177
888.331 0.762287
1178.74 1.27095
145.545 0.785927
819.286 1.23372
917.344 2.03519
1215.4 1.52652
1534.62 0.819646
342.7 2.98396
649.622 0.663331
1210.09 1.24603
371.195 0.387671
703.347 1.93283
1176 1.14776
-100.255 2.56944
922.081 0.720985
553.994 0.861937
261.465 -0.335875
-5.01647 2.72623
638.595 0.742258
611.738 0.819847
1568.01 1.06985
908.156 0.752374
1313.08 0.429956
1731.15 1.13521
518.324 2.17185
931.486 1.14416
794.407 0.940465
94.8443 -0.390866
513.774 0.835693
526.597 0.798688
1290.86 0.865223
713.134 0.0221354
711.025 0.979964
620.056 0.600166
464.451 1.69044
730.284 1.17956
857.933 0.918963
993.287 0.498436
-69.5664 2.30462
303.866 0.934046
1236.16 1.21644
704.708 1.36539
920.395 0.772825
69.9294 1.09969
-74.5775 2.51688
728.552 1.04536
1086.7 0.914333
435.178 0.799933
595.839 0.930534
578.901 0.775762
889.604 1.37043
388.001 2.43177
306.998 1.01473
1149.81 0.773518
309.199 2.80998
702.998 2.29386
904.279 2.41549
2087.87 0.889542
7.37523 3.18103
1887.4 1.43997
437.044 1.1387
1213.5 0.887567
2012.48 0.961574
676.36 1.50996
749.707 0.824545
761.888 0.798203
359.186 1.48441
504.668 0.433499
432.068 0.923756
432.55 1.47209
937.421 0.835468
915.78 0.87115
1116.25 2.12141
373.263 1.32986
1132.64 2.42602
260.531 0.861444
373.812 -0.424181
612.598 2.55016
339.811 0.827803
770.238 1.06282
1424.21 0.892058
262.413 1.75475
959.875 2.26566
1294.77 1.8966
230.764 0.942896
264.325 2.4252
583.656 1.6464
1040.94 0.907505
561.904 1.52757
1228.66 1.46502
527.122 1.11313
1255.05 1.64183
214.798 0.894413
599.541 2.39288
240.393 0.225332
1447.06 0.78879
1128.34 1.25723
728.72 0.95654
1625.57 1.17814
303.312 2.14447
2272.5 0.872593
405.366 0.969824
522.706 0.0190978
829.126 1.15626
267.244 2.85103
454.551 1.31967
513.16 1.91544
147.954 -0.202126
217.417 0.227291
266.886 1.77174
722.728 1.14237
425.03 0.729199
127.402 1.61774
179.581 0.996481
39.4459 1.60268
317.486 0.158438
770.918 1.04092
1685.79 1.12255
280.234 2.36724
1150.23 0.767063
5.6368 3.21304
124.957 1.96976
569.511 1.51603
442.714 1.19926
602.438 0.739831
1192.19 1.85369
0.114834 2.00874
414.986 2.74493
647.057 0.646303
430.632 -0.338452
309.399 0.594921
1654.7 0.969455
389.331 1.77108
2206.36 1.89638
772.351 0.127654
469.946 0.658035
849.49 0.942606
570.242 1.17504
375.06 0.222663
2016.04 0.960777
1456.65 1.29644
83.8923 3.41434
546.718 0.528521
1681.44 0.807966
381.982 1.91141
207.961 1.95738
456.338 1.03627
187.507 1.04302
481.242 2.20844
230.622 1.72198
553.684 0.591124
2444.37 1.04297
224.485 2.01707
917.774 0.585207
335.509 -0.0763047
711.699 1.85458
461.347 2.57043
708.597 2.67916
672.691 0.749691
1303.9 2.34903
544.941 1.09999
1.58463 3.38058
350.586 0.193582
1153.75 1.26245
578.458 -0.388463
756.095 1.82758
257.283 1.91924
486.384 0.817909
462.277 1.61726
615.158 2.36693
691.856 0.732432
87.9404 1.10119
699.665 1.7502
385.255 0.830304
546.743 2.02823
488.881 1.75977
-117.141 3.13415
416.131 1.50062
1065.02 1.10579
1427.26 1.25733
285.803 0.663744
379.205 2.79383
487.274 0.188186
148.933 1.85882
874.741 0.830077
303.258 -0.346424
973.359 1.06024
924.421 0.24359
583.053 1.15689
-11.5718 3.31653
493.59 1.92205
338.776 2.7858
200.136 0.70794
938.435 1.51531
824.241 1.11815
1178.67 0.990886
735.266 0.740625
228.168 2.73124
586.455 1.82231
964.81 0.786431
7.54748 1.64306
1055.92 0.635995
132.015 1.30789
1827.87 0.857905
594.436 0.692251
808.356 1.08446
362.863 1.44932
1262.87 1.00215
558.105 0.720414
528.861 0.868077
980.801 0.669483
866.078 1.58217
914.243 0.798204
93.9686 1.93738
722.208 1.55201
539.392 2.21825
760.888 0.270625
597.892 1.06646
977.152 1.0453
1035.05 0.0893069
2447.17 0.944706
751.335 1.56732
487.945 0.972582
484.782 1.56971
693.748 1.66172
1309.67 0.985653
538.142 1.44673
814.105 1.45114
1095.57 0.605342
861.897 1.0463
1007.49 0.815515
1549.11 1.23579
998.013 1.03284
573.792 -0.132614
1333.85 1.16159
133.567 2.61866
558.919 0.703084
1046.05 1.00589
398.181 0.436647
875.038 0.736075
985.118 1.12598
227.21 1.07151
548.127 0.82352
1201.31 0.850814
1227.09 1.09186
609.788 0.991032
392.598 1.37617
567.313 0.779297
585.402 2.72073
607.799 0.476024
409.477 1.97405
1108.68 2.57859
1326.66 0.750872
518.312 0.9238
101.512 1.16571
588.94 2.33737
528.587 0.91122
909.684 1.10414
315.064 1.6033
1317.64 1.41788
524.69 0.955618
1109.12 2.16549
167.127 1.17458
1660.68 1.15274
1237.29 1.24196
400.106 1.34496
825.932 1.11401
979.898 1.47941
673.746 0.564275
310.462 1.23167
449.123 1.83491
405.777 1.38605
531.79 2.00676
-257.189 2.4352
221.61 1.65831
579.592 0.855814
816.723 2.45969
727.534 1.40447
102.391 2.89496
977.986 1.64583
1888.38 1.10607
764.654 1.75963
825.662 1.57623
441.35 0.786471
1091.71 0.603911
179.929 2.21705
578.105 0.893257
424.712 1.18941
1041.46 0.967232
350.637 2.99248
581.245 1.26191
432.195 0.854216
424.061 1.27057
545.68 0.528467
1105.4 1.49166
875.693 1.07279
1297.9 1.04056
193.632 0.335588
212.629 2.01147
574.284 0.744536
493.723 0.805312
552.385 0.943634
-17.649 2.17583
1619.52 0.896156
597.802 0.60884
978.042 0.181287
1606.78 1.0192
-3.07663 1.81851
240.002 0.785496
776.976 1.67022
626.03 1.15668
422.688 1.0294
479.35 2.28587
1521 0.86532
561.678 0.984864
464.744 1.73793
713.728 0.638921
619.612 1.33234
-138.575 3.29304
306.716 1.78419
206.942 2.78387
1936.77 1.1433
1027.94 0.436869
562.011 0.896705
2386.25 1.07177
424.972 1.13433
511.397 1.04969
845.525 1.08149
729.118 1.5541
211.388 2.04996
32.6615 3.1181
1085.16 1.07145
401.797 0.261556
225.439 1.25319
168.829 0.918816
73.4705 3.11466
1789.17 0.838191
229.037 1.85786
349.971 -0.324636
601.316 2.31127
984.421 1.12258
483.118 0.800781
142.646 0.704335
67.8559 2.31891
480.379 0.741157
772.375 1.08147
112.572 2.55368
315.592 0.405842
659.858 0.776425
1021.89 0.969695
268.352 1.1827
535.905 1.08082
1136.31 0.839221
566.734 1.31635
178.869 1.61359
521.652 0.906736
459.363 2.08688
574.375 0.692985
527.827 0.474596
126.326 0.422688
673.002 1.2814
201.92 1.34543
1664.14 1.39278
461.858 0.927191
1257.34 0.956256
518.829 0.267333
237.03 1.91762
1802.99 1.24568
-160.027 2.7265
817.104 1.39331
308.509 1.02373
-159.197 2.51606
918.14 0.757419
530.936 2.72601
150.229 2.33331
1448.31 1.7318
706.385 1.1275
1787.42 0.897365
297.301 2.0771
1269.03 1.39879
1145.31 0.8826
966.631 0.590139
1036.46 1.02353
-29.4096 2.1189
505.962 1.68505
788.568 0.993044
372.09 1.84662
350.548 0.274492
1441.09 1.19582
1139 2.19158
754.906 0.690971
218.732 0.032285
351.471 1.84216
393.929 2.30406
361.39 0.957626
38.9451 2.63603
544.398 1.02475
313.561 2.222
862.391 2.21789
405.01 1.22475
870.275 1.52307
377.732 2.48472
14.3171 2.73468
268.11 0.543462
949.642 1.05329
942.458 1.19875
804.92 0.6314
234.899 0.776465
7.88007 3.12908
996.419 0.483966
1030.96 1.04253
1159.21 1.04615
373.806 1.10947
202.936 0.458864
891.449 0.916088
712.457 0.333066
50.8958 1.25715
1467.97 1.00726
172.514 1.88062
889.009 0.618861
373.555 -0.220967
381.657 1.2265
262.848 0.403661
151.49 1.99047
342.983 0.205872
545.178 1.38187
500.778 0.789525
284.867 0.237709
2.10186 2.50795
800.275 2.23591
968.161 0.807427
1020.46 0.938517
95.4451 -0.190928
107.503 1.86069
222.707 0.87492
971.829 1.28598
1109.11 1.68147
1023.78 1.39759
785.579 0.691572
273.17 -0.17773
549.389 0.972649
631.874 2.90872
609.887 1.23756
1220.76 1.29291
1220.75 1.1235
1241.72 0.874717
356.344 0.525219
1292.32 0.347983
430.03 0.546884
557.126 3.11808
726.437 1.14794
140.23 -0.0310487
-86.8514 3.14029
169.968 2.01239
1011.98 1.7413
1167.67 1.31089
1260.9 0.985065
791.627 0.940076
658.394 1.01736
53.658 2.87297
36.0832 1.7939
1848.02 1.31008
1060.18 1.87532
875.223 0.765016
229.974 0.58825
322.061 1.15802
224.446 3.83392
856.891 1.5421
1473.97 0.778975
1049.88 0.794643
1243.46 0.87748
349.322 0.112313
1234.53 1.24349
-8.44558 2.86439
782.131 0.983938
425.164 1.21732
440.337 2.18142
770.097 1.17659
1954.11 1.03527
290.616 1.07993
754.997 0.912382
860.681 1.54889
555.726 1.62211
1032.39 1.04104
922.105 1.13904
393.904 2.81203
840.688 1.34173
1044.65 0.932988
227.199 0.728031
1485.52 0.890522
397.095 0.0303594
1860.18 0.949151
307.086 2.54656
2356.33 1.02319
492.132 1.05827
1612.48 0.880988
339.492 1.8036
400.898 2.44435
209.878 2.2165
214.46 2.49565
783.446 0.423706
641.467 1.27578
-19.048 1.64364
863.405 1.19031
1902.86 1.28447
859.275 2.42576
623.515 1.92558
242.075 -0.379753
19.6866 2.1138
727.994 0.675888
553.508 -0.294154
134.848 3.01583
621.599 0.455407
869.81 0.396067
1379.8 1.05224
475.533 -0.507984
558.751 1.00291
255.337 1.49438
483.627 1.10325
984.635 0.915702
396.25 2.45838
581.209 0.887975
1316.48 1.01293
813.267 0.876832
1206.86 0.946685
1761.28 0.968366
626.139 1.04636
-47.0772 3.01041
880.258 0.840883
89.9754 1.55174
582.39 1.56188
352.005 1.21221
1277.9 1.16374
1529.84 0.61716
128.668 2.27499
332.519 1.1103
474.387 2.178
958.567 1.12139
466.275 1.49437
1226.01 0.806831
83.7407 2.06768
48.8475 2.15295
547.8 0.552425
1560.12 0.969581
608.72 0.384092
325.772 -0.219215
919.645 1.10603
1108.2 0.918232
149.651 0.823016
209.435 2.34508
396.661 0.45289
217.859 3.134
678.565 0.555082
404.754 0.07495
660.826 0.879698
-194.083 3.17649
1243.71 0.99347
806.434 0.650727
506.472 0.707187
471.497 2.49713
118.41 -0.361148
128.29 3.14804
594.959 1.66532
1331.53 0.471782
1329.5 0.846699
954.019 1.0469
1095.74 0.885999
245.8 0.776693
246.829 1.23749
1130.45 0.624346
992.369 0.294849
317.601 1.47003
1474.15 1.79226
557.482 0.775614
257.596 1.51366
526.203 0.130454
206.134 2.83581
223.744 1.31841
1085.54 1.06492
465.209 1.59104
345.756 0.675949
1275.5 1.77213
952.663 1.10532
52.4342 2.03588
24.7224 3.16606
1216.98 0.794706
985.072 1.18121
1138.43 1.0045
1690.43 1.38024
514.446 1.70248
191.7 2.67813
422.416 0.957837
1353.3 1.74157
301.859 0.723298
781.909 1.10095
144.378 -0.416493
248.46 1.71972
1672.72 0.429616
449.841 1.10498
336.285 0.00564053
820.473 0.700871
1173.3 0.679461
2542.83 0.996235
117.709 2.55049
1329.31 1.13174
488.322 -0.135919
866.734 1.0683
394.658 0.953945
845.993 0.650675
373.569 2.7396
231.105 1.82759
1014.29 1.4398
1000.17 1.80658
370.675 0.691339
50.1743 1.32604
127.095 3.54665
703.111 1.5951
860.673 0.876758
1422.65 1.15399
1099.89 0.825185
190.795 1.04457
592.595 0.739342
494.432 1.29568
1268.58 1.5231
858.686 0.971138
1271.65 0.964094
539.064 2.02333
238.501 1.34661
418.341 0.770805
965.869 0.728242
357.137 1.86212
1687.02 0.969076
198.882 0.828767
602.244 1.06885
237.47 -0.36418
661.893 0.647289
1936.87 0.916613
1664.3 1.29591
1036.81 1.18569
42.7114 3.25403
375.152 1.90611
464.518 0.888119
252.942 0.595976
333.894 0.760552
653.31 0.547857
1496.92 1.05629
140.42 1.17588
620.318 0.787784
1480.26 0.848671
313.766 -0.420703
284.832 1.91301
718.941 1.203
1004.65 1.02092
800.559 1.30234
1152.13 1.83638
700.949 1.54028
557.616 -0.0184331
160.571 2.29534
314.423 -0.0424211
76.6773 2.16111
1514.72 0.751362
995.308 1.98626
469.844 1.12019
2729.45 1.61892
722.456 0.773406
444.465 0.795152
545.123 2.57106
1222.46 0.300378
900.568 0.58616
898.091 0.675652
185.62 0.433514
998.375 1.12504
206.112 1.662
503.178 0.997714
1032.07 0.658436
19.3822 1.80014
1189.97 1.16222
426.145 0.523852
1082.36 0.845852
187.934 0.996066
1007.97 2.09162
1304.92 0.504582
535.101 1.199
419.882 0.791739
546.681 2.14041
91.3447 0.784116
415.551 2.9558
298.157 0.525416
517.885 0.879383
409.862 1.22408
314.459 0.989798
651.829 1.03965
177.76 0.951962
1302.01 1.27337
254.883 0.886084
23.7986 0.586943
304.526 1.33866
1218.1 0.914381
1106.06 0.594379
1293.69 0.612173
1566.62 1.04176
794.314 1.95581
214.848 1.69666
780.163 1.67227
1023.38 0.936586
986.744 1.32249
464.706 1.2129
633.812 -0.507954
985.815 0.971369
1368.97 2.10596
1178.64 1.33024
1295.27 0.740339
2009.04 1.25241
352.492 2.73005
718.073 0.110163
572.536 0.0473215
763.24 1.00234
436.263 0.518043
742.948 1.16473
640.878 0.772343
525.219 1.02584
169.269 0.730547
486.698 1.27677
1050.63 1.77118
146.414 2.10028
154.243 0.630475
994.098 2.98415
181.43 1.70163
194.257 1.70884
188.196 1.18539
30.2982 1.57152
927.766 1.649
1039.14 1.9806
566.631 0.956193
577.932 1.0035
1204.76 0.801786
484.971 1.736
1006.44 1.11433
222.702 0.0759055
338.166 1.3064
1025 1.01769
2588.27 1.15419
954.921 2.4752
843.247 0.799826
897.774 0.672137
447.825 1.39057
155.563 2.91136
352.504 1.95693
326.127 2.20281
1115.7 1.59297
703.416 -0.103041
131.436 0.410783
322.466 2.82099
356.79 1.58063
782.61 0.389507
311.698 1.84094
507.584 -0.0166414
647.802 0.508905
607.975 1.17235
3.10004 3.13682
16.4339 2.65212
604.574 1.08186
148.833 0.81445
1022.01 0.617191
1157.35 0.693355
603.916 1.24875
-41.2587 1.95762
1143.02 1.48123
-267.299 2.86935
1051.68 0.849007
303.604 0.598887
871.464 1.09214
912.398 0.613295
641.652 1.40415
675.147 1.97058
820.63 2.21149
937.775 0.278007
783.948 1.75523
736.936 0.8318
666.158 1.29018
2408.49 0.81039
332.965 0.927982
752.537 2.05914
466.87 0.809157
436.954 0.921985
-88.1695 3.34853
996.88 1.12584
156.247 0.180088
249.043 0.783844
944.887 0.812234
50.8674 1.44079
624.861 1.63714
503.629 1.37448
391.158 2.23189
944.82 0.787241
744.946 0.40141
334.621 0.290087
32.8658 2.27775
986.138 0.88568
745.165 1.18216
204.777 2.2111
2827.32 1.03502
1841.85 0.848153
91.5143 0.46059
842.109 0.436866
455.042 1.08089
1317.88 1.457
329.87 0.820138
1474.69 1.36914
635.625 2.09742
159.832 0.706234
820.775 0.470599
2374.04 1.23643
510.061 1.16308
91.2721 0.598142
1251.14 1.65772
760.507 0.838988
-136.206 2.73339
15.3842 -0.10893
1075.8 0.899214
434.457 0.699721
1567.59 0.728111
688.966 0.61809
670.922 1.18093
1158.31 2.07504
547.431 1.64493
28.0767 2.76467
333.445 2.61422
439.871 2.52367
1860.38 0.958291
943.255 1.00489
634.896 1.41522
726.595 0.648349
838.553 1.04755
435.584 2.98311
743.31 1.13784
1515.68 0.964997
985.368 0.957864
600.275 1.83985
230.805 -0.080072
629.243 0.911345
591.672 0.357303
726.295 1.08864
605.846 0.309023
239.625 -0.21003
309.392 1.82529
709.037 2.13418
360.12 1.14897
991.564 1.38478
279.96 2.54412
837.92 1.14385
352.71 1.86835
647.473 1.53193
728.169 0.734252
993.96 1.80652
573.86 0.0956692
686.64 1.57086
1134.22 0.96489
45.3055 2.74251
398.369 2.41896
311.373 2.91203
260.593 0.318256
477.325 0.671617
806.921 0.855759
2064.69 1.21267
1530.05 1.56141
308.973 1.57024
917.163 0.989104
-4.04015 0.964021
627.665 2.14752
217.597 0.966366
597.963 0.638058
894.44 1.4305
490.784 1.36808
405.544 1.02779
554.125 2.44939
1253.07 0.97703
654.582 1.21165
1392.04 0.768791
46.1248 1.66632
381.389 2.99797
1093.8 1.16239
887.287 1.00708
1171.92 0.867058
1196.58 1.15472
1618.33 1.08246
162.834 1.07114
1.82089 2.5366
1183.91 0.916413
437.352 1.64795
568.469 0.0774471
196.52 1.53675
325.603 0.610398
684.415 1.09066
975.296 0.799318
854.863 1.3668
624.474 0.122765
689.387 0.348543
188.69 1.32193
886.697 1.61268
411.829 1.0624
411.998 0.570975
174.055 1.55091
258.748 1.46451
-20.9824 3.36202
825.771 0.64746
1013.07 1.47212
1034.35 1.1691
340.903 1.66768
894.461 0.913308
443.797 0.943513
402.428 3.58309
172.076 2.67168
574.755 1.25613
184.172 2.4206
-83.2307 2.96577
221.512 1.03668
72.7641 2.60285
64.0221 3.05997
567.526 1.67686
494.856 0.978545
909.805 1.47801
66.8347 -0.134154
782.412 2.51519
409.481 1.44779
1084.17 1.05069
1114.07 2.37386
1249.45 1.49733
152.837 0.729298
512.545 0.793448
41.8257 2.33676
348.083 1.70924
1183.9 1.86734
808.164 0.801522
892.248 1.98931
1174.11 0.416531
1102.78 0.825467
750.456 0.955861
961.747 0.94614
1169.75 0.884091
378.61 0.203005
512.929 1.10393
832.26 -0.031802
166.123 1.16268
805.929 0.89567
853.258 1.06977
257.008 0.419394
932.201 1.27353
864.202 0.670233
857.082 1.3311
569.639 0.903544
128.041 1.4833
627.604 0.107309
1108.24 1.16322
914.276 0.806155
66.4909 3.1151
1203.72 1.50035
522.515 0.734595
185.562 1.60973
100.01 0.814582
1072.06 1.1524
521.872 1.02751
489.417 0.965228
344.225 1.74182
300.085 0.654752
375.18 1.79067
817.926 0.815124
433.958 2.51719
1185.05 1.2863
931.771 0.668626
550.471 1.61658
-67.7146 2.17724
1695.01 1.48993
441.727 0.886009
1426.68 1.36122
466.24 0.618355
1215.72 0.850414
997.1 0.889776
2183.66 0.796243
1269.36 0.795799
704.347 0.803427
120.226 0.854229
293.772 2.18158
578.952 0.852746
1209.16 2.28381
431.291 0.0168375
1601.69 0.873852
569.458 2.11532
608.668 0.887791
490.058 -0.0219964
1337.75 1.21708
361.675 0.504545
1763.35 0.744258
608.886 0.414551
536.334 1.99736
1405.69 0.955358
503.212 1.63754
496.243 0.939561
1219.73 1.06663
383.929 1.21556
703.145 1.31991
908.719 0.362357
360.663 0.904888
276.082 2.57061
593.426 0.979633
1769.99 1.18414
384.555 0.335618
953.255 0.460672
1830.66 1.12095
347.042 1.30918
304.45 2.24908
816.606 1.26613
208.868 2.65793
650.053 0.46928
1120.62 1.15928
932.906 2.52942
456.453 2.56683
976.231 0.691296
541.154 0.698234
373.927 0.103617
263.455 -0.0716881
442.107 1.33625
652.441 0.262158
1092.14 1.08691
786.42 1.53837
925.924 1.00434
355.023 -0.1764
409.592 1.23103
1096.64 1.54924
535.259 0.637668
934.874 0.511485
50.0244 0.997511
184.134 0.555905
1077.47 1.11656
-173.961 2.76307
1573.46 0.90328
439.819 0.69637
387.956 1.2961
1445.04 0.74901
321.386 2.2509
192.12 3.00493
428.024 0.120497
687.106 1.73841
705.963 1.49617
381.25 -0.0799797
458.253 1.77785
1032.58 1.21238
308.661 1.13917
1164.13 1.14819
789.667 2.23615
675.839 1.47581
836.363 1.23061
621.499 0.838911
243.912 0.865461
251.783 0.451098
225.865 1.35078
61.3109 2.10397
31.5928 1.97752
631.909 1.15788
523.006 1.6638
124.326 2.18589
664.373 2.76654
1511.32 1.4708
145.865 1.66454
1008.1 1.89931
272.833 1.46344
971.187 0.906146
346.376 1.49315
590.835 1.68245
690.92 1.56578
291.528 2.19661
4.60282 2.46365
345.791 0.964549
185.423 0.3416
371.588 0.461948
747.833 1.26984
295.142 1.85761
173.402 1.97592
1602.73 1.12484
1440.74 0.854011
725.15 0.411486
872.561 0.201142
1390.26 0.860553
92.8652 2.90569
571.804 1.27053
1280.4 1.03119
327.108 0.536507
223.284 1.36463
584.908 -0.0736235
1113.64 0.886885
904.649 0.964279
733.354 1.19031
567.664 1.18452
1556.28 1.13781
202.339 1.83239
1236.48 0.909939
812.226 1.76259
1438.23 0.839916
521.717 0.977202
509.112 2.20659
502.142 1.29446
951.601 0.902594
1799 0.755904
148.486 3.25342
551.674 0.810053
1656.84 0.947338
418.674 1.45281
740.163 2.3131
70.9364 1.55921
498.211 1.2617
845.355 1.15975
-79.561 2.61494
270.895 0.187307
461.504 2.11903
957.645 2.46277
76.0004 2.20974
336.54 1.34698
376.991 0.551939
822.739 1.70198
631.447 1.95571
483.001 0.477207
403.702 1.90064
1640.24 1.42785
209.917 2.76656
873.607 0.560471
56.8933 2.13143
411.213 1.20921
922.658 0.940758
637.596 1.56321
1290.26 1.06796
44.3187 0.257472
372.019 0.494495
1236.1 0.870363
824.889 2.70673
494.286 2.4335
502.346 1.15726
353.155 1.37981
1138.66 1.98973
985.762 0.820958
228.588 0.640661
864.179 1.04372
662.198 0.624283
269.338 0.739629
763.723 1.46536
-295.956 3.20944
415.923 0.771592
553.459 1.63901
740.12 0.765069
-33.588 1.71285
14.3463 3.34072
172.971 2.89229
299.143 0.882347
283.799 0.69612
830.625 1.06998
1158.91 0.750204
408.953 0.822279
1544.13 1.37214
338.718 1.6909
1656.43 0.748885
865.979 0.827216
819.126 0.0292209
700.856 1.41406
1040.48 1.53265
364.182 0.77033
54.7308 0.783396
1668.68 1.10601
185.625 0.0613016
1775.22 1.276
831.442 1.44611
71.1594 0.377701
601.271 2.26334
659.696 0.168622
738.935 -0.376057
1200.73 1.05333
-113.635 3.27762
654.422 0.77802
377.349 0.835234
233.943 0.944735
266.927 1.19513
435.328 1.84967
921.812 0.575737
795.962 0.789019
857.868 0.83637
475.643 1.14505
713.604 1.82062
1027.26 0.792153
1193.98 1.52218
250.703 1.38984
327.842 2.5443
1006.64 1.59656
1347.59 0.820078
603.071 0.878592
76.7573 0.854571
847.095 0.916585
310.848 -0.185549
637.78 0.921339
514.438 2.31493
1091.19 0.777422
349.821 1.52924
262.138 -0.319127
-310.57 2.96827
563.908 1.24466
1022.6 1.29525
711.796 0.398719
265.663 0.873844
889.319 1.39776
1285.64 1.2232
1294.32 1.63381
528.197 0.687916
1514.58 0.941357
474.148 1.06058
337.774 1.99426
1011.78 0.753943
593.19 1.67899
690.36 2.45953
422.331 0.779843
429.82 1.461
872.234 1.50354
1444.76 1.2795
902.389 1.17956
606.812 0.0657477
433.594 0.952244
1023.13 1.27981
462.857 0.692067
447.773 0.613434
838.224 1.45157
129.454 0.84544
563.952 0.608799
175.23 -0.0449862
1373.78 0.472121
896.295 1.60504
1213.52 0.958928
1564.64 0.743362
600.964 0.51433
878.405 0.710612
451.783 1.16417
227.254 1.26859
2520.65 1.16911
874.597 2.14623
1226.87 1.68119
784.439 1.81665
606.113 -0.101986
517.516 2.71004
59.7956 3.48568
-215.435 2.70538
1510.57 1.17266
339.187 1.06457
567.915 1.0086
683.506 0.33362
1359.97 0.543922
1288.89 0.744164
949.66 0.761913
806.84 0.863521
650.715 0.914178
505.557 0.603706
991.204 0.831744
869.643 1.18813
948.673 0.422062
696.835 0.792845
211.553 2.15987
277.395 0.567822
902.191 1.61127
1216.77 1.01941
900.551 1.24807
76.4682 2.05839
1533.46 1.58161
304.406 -0.5046
1577.81 1.32637
610.237 1.88386
358.525 2.70969
235.544 -0.193307
482.902 2.66335
489.059 0.504809
814.421 1.63806
961.311 0.985151
661.684 1.33159
1023.23 1.69411
12.1544 2.1239
847.262 1.4781
501.338 2.83436
85.2433 1.98737
666.011 1.68092
308.929 2.72649
948.907 0.915919
1221.25 1.92055
350.619 0.776521
247.302 -0.429983
988.019 1.23621
575.963 1.42911
790.277 2.67639
713.347 0.793287
616.253 0.615485
243.019 1.74287
940.072 1.98502
1016.6 1.67702
653.727 1.6313
1061.06 0.805594
734.423 1.55068
1626.53 0.82119
-11.3457 3.34856
-38.2806 3.0242
133.861 -0.0650197
317.718 -0.296552
776.435 -0.0491783
1084.85 0.223566
539.228 0.6487
1002.51 0.975786
73.9982 1.62385
430.675 0.868954
620.238 1.27019
745.912 0.94875
1505.69 1.41954
27.3339 1.5797
675.809 0.494427
706.209 0.965173
557.754 0.812633
279.365 1.17903
423.496 1.20328
-293.883 2.10926
94.8861 0.159756
300.156 2.26817
94.1299 0.91366
1358.72 0.61248
257.876 0.628375
277.5 1.65857
1238.78 0.930959
556.729 1.55541
232.68 0.884787
-29.6182 3.0494
331.139 1.40803
764.937 0.722741
1237.75 0.972903
344.078 0.48519
1369.96 1.23538
170.938 0.605688
645.286 0.638414
181.502 0.988037
471.394 2.18895
863.64 0.90892
666.879 0.355463
273.095 1.53185
363.458 2.23521
343.012 -0.405975
155.72 -0.384796
855.634 0.49694
245.387 0.78411
851.929 0.494982
1278 0.637729
611.114 1.1228
963.492 1.39709
714.215 -0.00998913
387.807 0.85875
698.756 0.897397
46.9866 2.7186
160.063 1.99405
1310.55 1.29033
1001.43 0.731007
490.169 0.54232
181.967 0.680655
1132.57 0.760312
271.049 0.544507
571.849 0.335426
1575.81 1.65407
13.7959 1.25959
246.752 0.884078
193.549 2.85347
1814.23 1.2581
982.005 1.02364
538.49 0.740567
975.515 0.962301
1378.37 0.505357
887.482 1.73315
818.439 1.01021
988.645 1.03525
630.8 2.67634
609.506 0.338425
529.228 0.971715
2151.76 0.965148
593.308 1.33062
482.181 1.24953
329.648 0.679126
579.728 0.746899
1520.21 1.12079
386.926 0.313901
1323.87 1.1306
787.304 0.913827
894.825 1.59199
873.373 1.27692
1140.88 0.531609
-166.098 2.62125
1424.8 0.72702
907.711 1.23882
777.053 0.914747
1360.82 1.75593
654.609 0.574982
2462.17 1.017
1115.85 0.820987
443.682 1.40737
126.245 0.759291
1092.18 1.27506
162.626 0.939857
849.721 0.818407
1243.11 0.606343
1090.38 0.741894
370.425 -0.155973
1197.09 0.988384
520.357 1.4247
277.813 0.965583
1301.7 1.96379
382.573 0.60399
2092.41 0.978955
508.895 0.324618
285.755 0.393648
489.533 1.1953
489.744 0.814443
757.75 1.05431
317.777 1.03939
568.079 0.934698
0.972214 2.97108
169.24 2.0655
510.659 1.39812
406.465 0.908132
1011.2 0.940889
343.824 2.38757
395.98 0.969404
1373.81 0.814724
467.464 0.809325
501.387 1.33759
816.41 1.12985
845.652 1.41956
76.7455 2.43564
112.39 2.21869
-111.933 2.43994
490.358 1.88913
168.311 1.40145
589.43 0.801506
478.208 1.71061
344.154 1.70823
655.968 1.66079
619.597 -0.339924
1054.55 1.59705
179.588 0.355294
1151.48 1.70637
1022.73 0.78837
1073.86 0.854901
1405.04 1.04383
516.747 1.13733
37.5332 1.43518
756.683 1.09382
1515.97 0.968244
557.754 1.06887
254.376 1.70489
1292.99 2.18878
1079.9 -0.0786415
117.004 3.36143
470.828 0.884842
596.327 2.9551
619.326 0.853477
1259.97 0.917058
464.96 1.41153
898.167 0.869056
1615.57 0.974765
68.2875 -0.288548
1229.17 1.23701
479.046 1.03092
2065.98 1.00946
60.8781 2.18068
1928.14 1.66864
1378.32 1.71717
180.81 3.1038
1059.21 1.78794
1344.44 1.01531
569.19 1.39413
84.3269 0.0568169
882.634 0.808515
828.42 0.907682
1040.95 0.978314
682.519 0.630435
1504.52 0.953837
0.899968 1.6202
865.063 1.22643
242.026 2.58003
2240.84 0.959698
658.077 1.68891
1622.89 1.15153
654.543 1.40725
1106.75 0.671626
914.631 1.03042
150.021 -0.0625681
173.952 0.0503965
514.194 0.982737
615.492 0.669241
641.635 2.50308
1135.86 1.98529
430.224 1.12156
839.25 0.392799
544.974 1.46936
479.749 0.752587
608.366 -0.050959
725.394 1.76605
205.58 3.00757
51.7141 2.5666
249.875 -0.0179124
309.515 0.884587
45.2741 2.29975
715.376 1.16878
1025.67 0.976089
-321.208 3.51774
355.031 1.25514
254.027 0.536184
1273.5 0.847337
193.604 0.855838
683.741 1.04198
339.316 0.893187
866.279 1.04303
12.4245 2.82075
98.6493 2.03725
1264.53 0.856668
469.976 0.965944
898.179 1.24241
800.429 0.705001
510.24 1.62368
930.773 0.99954
322.121 2.73297
516.166 0.523662
668.06 0.493327
151.38 2.58906
1315.61 0.845236
277.851 1.59182
1764 0.896487
917.013 0.72794
482.275 3.11042
922.526 1.0523
243.375 -0.155611
779.993 0.60079
351.27 1.65879
-56.6525 2.93
668.155 0.974263
178.66 1.14593
943.49 1.20655
1187.57 0.899658
476.195 0.420105
753.004 1.80141
909.849 0.560115
823.264 1.01642
1645.62 1.18524
685.225 0.89685
321.488 1.40288
1044.32 1.3006
924.502 1.72372
145.138 1.56827
381.685 2.40957
1008.85 0.779641
-166.789 3.05354
1290.16 1.63434
1331.97 0.465554
281.951 0.613544
1005.27 1.07351
746.764 1.0395
482.342 0.162183
962.025 0.769261
74.9247 1.1225
1151.04 1.2919
1289.63 1.24082
785.844 1.2196
1151.84 1.27823
1594.34 0.86228
648.581 0.683599
974.861 0.769714
430.17 1.76266
221.294 0.0369708
357.487 2.88528
784.482 0.224086
241.524 2.95061
138.291 1.28514
710.501 0.954381
828.343 1.28064
783.233 0.812912
1121.1 0.943263
269.955 1.17871
250.46 -0.151619
286.989 0.440718
61.3887 1.33982
350.255 0.831429
413.938 0.729921
773.446 1.14255
83.6069 3.50273
814.207 2.41005
432.902 2.43443
342.825 1.75943
516.136 1.09325
863.63 0.895983
369.531 -0.507809
1528.84 1.07402
-119.869 2.82692
497.29 2.3382
367.845 1.34747
359.645 0.660655
-8.48621 2.04173
706.783 1.2751
361.135 1.56199
1665.14 0.945008
323.003 0.202476
1188.99 1.79262
256.329 2.74465
488.6 2.53486
1522.37 1.22349
829.733 1.13342
9.09786 2.76932
631.119 1.0182
695.533 1.35106
253.114 0.881125
478.175 1.31596
704.566 0.746592
333.971 0.826852
996.958 0.880914
119.91 0.489421
79.1154 1.01926
206.012 1.66583
1565.72 0.69934
157.462 0.877076
829.493 2.08378
530.462 0.76218
1431.29 0.383756
415.419 0.777029
717.386 0.987278
588.601 1.06107
937.543 0.943906
997.473 1.11291
1810.77 0.928278
1268.73 1.35368
727.405 2.03607
352.037 3.45254
55.5618 2.43178
1054.18 0.879763
-72.1415 3.33686
1036.23 1.0841
636.943 2.20783
820.838 0.892202
582.182 2.36835
1329.47 1.19978
580.52 2.43944
889.087 1.40824
972.467 0.955081
389.128 1.97403
22.9053 2.31102
264.455 1.93839
878.857 0.811273
531.951 1.50456
1005.13 1.33725
280.884 1.385
695.794 0.312246
67.1215 2.87471
54.0333 2.78717
298.19 1.26578
150.569 0.707087
1110.31 0.714536
133.198 2.13314
164.274 2.33988
508.266 0.780504
657.112 1.16865
1682.08 0.567803
462.986 0.691434
765 1.0485
1622.4 1.80048
708.845 0.141887
115.143 0.905898
547.608 1.27908
1014.13 1.17099
326.138 0.470147
215.016 2.77526
563.301 0.892084
449.715 0.991814
171.416 2.81078
860.41 1.16292
988.388 2.26524
682.233 1.77213
1014.35 1.43625
-41.5846 3.14918
318.656 0.88811
1507.13 0.894224
988.423 0.861783
898.637 0.929273
1031.63 0.494656
359.665 0.996396
334.323 1.8508
586.667 2.3188
510.826 0.953595
342.421 0.214443
1146.14 0.872221
482.423 1.33944
619.565 1.57985
689.704 0.636327
299.969 0.837614
769.802 2.13214
1060.3 2.04562
764.547 1.28336
218.992 3.39152
1214.07 1.29859
519.492 2.44452
729.615 0.934183
213.472 0.658985
78.5436 1.02862
999.763 1.41644
68.8347 2.53569
197.141 2.26395
1230.73 1.31961
1276.48 0.794014
244.195 1.33192
25.0355 2.33493
422.135 2.3684
708.274 0.555684
531.789 0.228178
998.506 0.954053
584.115 0.341646
317.352 0.823381
975.189 0.599449
1054.56 1.45431
1320.67 0.726171
495.27 1.45188
303.52 1.1181
1488.38 0.768055
251.709 1.69068
362.925 1.86199
752.118 1.13423
1261.73 0.882788
358.264 1.98526
1094.9 0.709917
575.958 -0.0869781
1345.25 1.50174
712.514 0.905292
684.905 0.369725
668.441 0.804544
-5.20678 2.8838
802.021 1.27107
194.387 0.618891
210.1 3.06189
1058.85 0.237238
1990.82 0.885362
485.102 0.876724
1667.38 1.19606
577.291 1.35459
377.979 1.84957
253.777 1.10418
991.902 0.553862
1192.35 0.765754
87.6859 3.43917
770.774 0.781354
606.419 1.29864
1110.82 1.16275
-17.6425 3.34117
435.882 2.94898
432.757 1.56422
181.279 2.25374
470.681 0.87377
560.519 0.0361366
1063.22 1.54027
254.771 1.15279
1274.69 1.50937
1180.32 1.03102
671.627 0.464957
531.401 0.572354
654.625 2.33011
1175.64 0.819797
347.894 1.02908
752.451 0.501335
-51.2551 2.4909
1051.46 1.01658
1661.31 0.868554
1262 0.83378
607.657 1.10919
278.616 2.00035
1194.82 0.648298
904.461 0.930313
289.862 1.57513
689.038 0.886794
969.472 0.987383
617.964 -0.213822
102.014 0.935499
523.668 1.09367
481.856 -0.13035
318.351 -0.0955234
541.202 1.32726
632.995 2.28013
983.411 0.917908
387.699 -0.0562602
456.987 1.95541
572.365 1.03597
621.049 0.86779
812.355 0.625244
720.146 0.983934
347.307 -0.397015
202.728 -0.503578
985.153 1.22654
632.793 1.24481
105.088 1.6268
1972.74 1.82772
1200.46 1.0728
727.815 0.853302
220.328 1.19737
1000.85 1.20158
528.506 0.451919
369.9 1.86217
368.33 1.43316
164.085 2.68021
426.309 0.543931
1017.57 1.84614
1123.07 1.37732
1408.44 0.822234
377.667 1.10247
791.934 0.497279
1675.86 0.922902
1334.7 1.70089
618.656 0.817333
881.036 0.804939
633.196 1.46469
723.753 1.15311
216.23 2.3302
1130.26 1.15796
1043.09 0.830657
1283.42 1.21478
932.326 1.8466
200.384 1.58733
39.5886 0.824686
38.0504 2.34999
388.935 2.45072
143.524 2.46364
-120.988 2.85672
129.2 2.17138
24.5994 0.791538
1186.02 1.74612
443.277 -0.201337
334.101 2.37998
802.441 0.8154
584.445 0.730374
651.245 0.915557
936.161 1.66412
470.994 1.32059
1326.67 0.935826
406.721 1.12732
387.316 0.782917
625.673 0.927522
355.983 1.92874
104.337 0.874742
34.8829 0.583246
855.986 1.69928
328.063 1.21727
1359.84 1.28237
478.762 1.09853
915.481 0.546291
820.273 0.398638
499.799 1.44062
168.672 1.039
702.729 0.733474
612.145 0.510267
396.282 2.75556
950.099 0.693235
899.792 2.40754
576.919 1.59988
647.74 1.70076
69.2586 3.05614
197.455 0.877001
96.7827 2.21438
1050.65 0.636396
223.948 1.31464
610.47 0.935531
253.788 2.556
1197.07 1.15056
227.866 -0.381458
56.7779 2.83395
797.673 1.67861
434.067 1.39865
419.773 0.952236
804.164 2.97967
682.671 0.739335
168.791 2.53801
192.518 0.407383
-3.70607 2.26815
626.234 0.915707
1378.64 0.714496
1497.71 1.012
40.2443 1.50351
98.5347 2.41144
276.389 3.06607
5.78963 3.11942
489.172 1.33976
555.6 0.85193
-192.022 3.05255
132.03 1.49374
546.02 2.61918
1005.76 2.04515
968.789 0.803231
692.938 0.85804
589.982 0.768646
392.532 -0.0201214
262.297 0.614572
-15.0415 2.66814
315.172 1.14624
1205.32 0.748493
818.05 1.19111
610.446 -0.376428
493.272 1.53608
936.645 1.18697
580.61 0.928693
796.046 2.30876
1451.82 0.962518
497.664 -0.45706
21.1227 2.93545
1517.33 1.26535
84.7856 2.85294
504.293 1.05431
1471.1 1.50587
531.955 0.434636
147.971 1.07576
768.946 1.40087
935.051 1.01241
518.386 0.599173
242.296 1.04015
647.328 1.36206
84.9552 1.52448
145.701 1.03906
1071.05 1.15671
-12.1337 0.635278
2572.9 1.04768
1007.32 0.817031
843.378 1.96131
176.762 2.8199
124.39 0.512092
1068.9 2.02466
1021.84 0.810226
503.588 1.04544
518.493 0.221146
194.631 0.868083
1493.3 1.74673
1532.62 0.927899
708.727 1.28637
64.303 1.49918
55.9022 0.259603
27.024 1.92658
676.236 0.411641
425.17 0.989735
1138.87 1.3642
471.271 0.674309
727.177 0.801483
244.241 1.67524
78.6486 1.89861
1511.9 1.19997
1076.18 1.59948
768.368 0.989952
529.019 1.52436
689.711 0.217381
1170.68 0.858762
-55.1815 2.52165
507.694 2.09181
697.784 0.400484
504.826 -0.20584
393.593 1.99759
1717.17 1.21407
-108.372 2.69214
795.151 0.941004
517.467 1.16653
475.917 1.15316
185.896 2.41146
72.7223 1.12039
1669.91 0.871523
1154.69 1.28388
1649.86 0.517993
1056.99 0.680263
1029.42 1.32857
1017.07 1.98766
450.206 2.05154
1145.31 0.829096
1740.2 1.44324
446.028 2.25196
714.193 0.306981
111.364 1.16173
887.131 1.05077
363.366 1.61464
215.635 3.27057
538.244 1.53706
955.741 0.802932
26.2157 0.584504
525.177 1.52963
496.271 1.0639
463.643 0.36881
784.576 1.11784
986.283 0.80203
689.779 1.9459
1121.87 0.782109
-26.1632 2.04477
152.45 1.35712
975.191 1.26469
319.762 1.43663
772.443 1.52227
71.4686 2.2857
354.103 0.715007
618.444 1.62885
456.626 1.73699
298.27 1.18004
274.632 0.906374
297.637 1.34602
1381.82 1.11381
60.4218 0.799335
719.169 1.85218
872.964 1.14891
788.962 0.563265
1450.49 1.79275
885.905 1.76415
52.7081 1.17004
775.795 -0.129038
1691.37 0.988983
1105.73 0.206265
556.619 -0.120267
1395.07 1.79675
56.3318 0.345867
596.982 0.986662
341.062 0.664889
784.643 1.39179
75.2789 2.07667
472.779 1.64221
456.665 1.37625
1310.12 0.849495
941.335 0.669798
1360.93 0.662095
805.999 1.19023
150.11 0.612397
749.34 1.59889
116.798 2.42501
186.572 3.38107
519.524 1.76156
989.896 0.812524
571.544 0.94628
1055.89 2.02522
501.913 3.53851
134.597 2.42786
348.205 2.01805
74.8547 1.08757
381.104 1.64294
438.14 1.16127
604.44 0.794448
-77.8019 3.75628
612.726 1.05023
1033.59 0.846121
463.242 0.753188
610.525 1.73875
498.727 0.690421
636.195 0.795931
483.802 1.38302
879.284 0.94919
673.7 0.600009
100.013 1.25377
347.676 1.06337
1177.86 1.07657
402.221 0.808358
926.195 0.689082
1172.54 0.595824
365.135 0.886518
420.284 -0.262355
361.961 0.140198
170.1 2.4016
26.3117 2.17619
358.253 1.21527
507.072 0.883968
1668.84 0.88554
593 2.7321
1291.98 0.861168
758.447 1.45799
314.071 1.57765
345.664 2.31731
1065.69 0.806659
204.542 0.933077
712.376 0.76718
1146.09 1.43953
400.007 0.789053
1108.04 1.07833
502.787 0.840977
799.996 1.53964
224.688 2.34996
-306.757 2.61624
169.75 2.77802
592.844 0.819996
1157.5 1.23402
81.4347 0.861265
833.331 0.479412
124.258 1.24048
684.01 0.309934
543.141 0.146527
972.946 0.978976
657.14 1.12436
847.419 1.81893
402.658 0.436405
-119.572 3.42838
161.592 2.47256
1030.69 1.47436
441.441 1.17952
779.414 1.42864
697.81 1.08401
581.677 -0.335775
341.618 -0.169794
1026.37 0.775891
790.907 0.905769
-1.67651 2.12598
1102.72 0.741816
64.4494 1.47239
283.704 1.63289
1057.2 1.5243
531.3 1.01833
154.538 0.908683
-56.7584 3.4139
758.673 1.86132
459.351 1.14221
590.224 0.422531
523.097 0.629996
187.524 2.72353
961.902 0.787705
34.6745 3.59966
1150.36 0.885729
-141.015 2.21669
615.62 2.53875
327.619 2.74039
766.36 1.42874
612.921 0.891541
526.983 1.05437
1824.99 0.985544
615.986 1.98406
1689.47 0.604678
176.24 1.25546
422.312 0.304647
-17.4181 1.69103
193.282 2.65961
-77.1676 3.0642
430.081 2.23826
259.671 1.37403
421.913 2.82878
802.092 0.816741
265.372 0.986405
-8.47513 2.58316
612.942 0.658025
159.09 0.692387
635.062 -0.297608
436.037 0.291908
384.3 1.08865
817.882 1.19475
1264.47 0.837603
422.971 0.675876
448.474 2.6311
500.351 0.862267
548.621 1.29437
465.922 1.19014
785.944 2.31299
489.45 2.1313
117.311 2.40325
248.909 1.20929
381.067 2.13283
1020.05 0.366847
425.809 0.8613
235.616 -0.508
1394.86 0.767218
1319.9 0.81405
410.5 1.08198
547.39 2.54853
405.969 2.86818
640.462 1.56843
723.231 1.18718
205.697 0.1476
1298.04 0.871522
614.013 0.441401
718.12 0.364034
-160.82 3.00247
228.767 0.304847
637.241 0.868218
408.378 0.822166
427.957 -0.0653875
60.3829 1.06759
825.623 1.17366
487.332 1.23955
1177.68 1.74273
2.61394 3.39785
741.157 1.53786
102.001 2.49724
869.783 1.02721
569.847 0.150743
829.048 2.30238
623.619 1.25536
536.616 0.390893
1904.17 0.979022
84.738 0.0424273
532.667 1.73051
190.139 -0.155004
16.1717 2.8722
900.727 2.29153
-57.2078 1.75331
371.008 0.850094
699.847 1.36921
491.265 2.21755
270.82 1.10181
-269.296 3.04436
556.215 0.836575
1013.04 1.02147
731.295 1.22873
588.831 0.616299
734.533 0.957079
592.992 1.2079
58.967 0.354746
1064.59 1.15987
1536.94 0.897214
599.668 0.708685
472.744 0.819355
1176.05 1.02209
720.275 1.299
344.134 1.5024
780.763 1.06772
904.287 0.739734
510.648 0.21632
203.617 1.28923
933.141 1.50905
856.544 1.73389
202.879 2.79436
742.119 0.308725
282.501 1.95034
891.644 0.355407
339.629 1.55581
1189.79 0.912885
722.161 1.09461
341.107 2.50826
1109.08 0.618191
980.367 0.451914
153.803 1.52879
346.64 0.826931
539.593 0.788195
913.726 1.3039
823.209 0.823981
638.295 0.00652446
63.5872 0.943345
478.484 1.61452
735.573 0.599412
854.341 0.899292
756.66 1.69549
2062.05 0.796186
783.575 0.15566
292.991 0.424338
1219.49 1.04979
1015.65 1.18835
488.977 0.019157
1172.26 1.58455
413.025 1.88693
790.918 1.13861
1071.28 1.28962
1006.35 1.18622
879.358 0.819218
1252.97 1.41149
402.932 1.17103
1336.26 1.03936
700.414 1.075
1581.72 0.789248
1776.91 0.569689
479.776 0.81886
323.293 2.10037
1208.85 0.932988
1059.39 1.12516
696.851 1.03216
241.773 2.29525
544.958 1.46996
591.031 -0.201779
235.281 0.290127
352.501 2.68049
708.15 0.899372
683.627 0.94719
252.795 1.46564
2045.23 1.9496
156.879 0.26461
564.437 1.11219
456.699 1.5621
1067.49 1.40599
301.687 -0.259228
1498.69 1.61374
2507.34 0.814334
372.382 -0.183982
78.44 1.57005
632.783 0.976841
415.852 0.807487
200.556 0.763551
360.721 1.80829
951.673 0.758397
309.65 1.43266
329.215 -0.0563009
1585.34 1.02972
385.954 1.22035
306.487 1.93489
558.416 1.6793
777.069 1.62198
856.502 1.43676
576.158 0.672454
219.499 1.48194
201.647 0.538151
887.31 0.840535
20.4885 2.50261
830.063 2.38551
418.604 0.786107
983.069 1.01654
858.744 1.59697
56.3404 0.113132
1684.54 1.06539
456.972 0.798268
379.543 2.52609
826.656 0.740282
576.485 1.09479
928.038 0.927719
-42.21 2.13335
408.074 2.2871
1990.73 1.10019
-23.7177 2.78444
704.752 2.34
391.694 1.69055
454.868 0.0838345
565.458 1.26202
497.021 1.03889
1175.4 0.90942
573.881 2.38527
1103.37 0.992914
658.379 0.53933
1233.63 2.3773
1011.65 2.00211
321.217 0.210564
870.876 1.44101
-90.0899 2.10936
958.594 0.7777
443.844 1.105
771.649 1.79456
936.054 1.13717
361.45 0.343462
1360.86 0.956636
1351.63 1.45163
1265.12 0.479479
602.378 1.11957
513.275 0.486576
520.455 0.975784
679.227 1.7998
252.254 -0.204743
1249.85 1.50798
362.863 1.69021
1020.51 1.10661
1799.17 0.802931
1128.38 1.79992
661.557 0.489279
11.5593 3.28102
328.579 1.85953
436.951 2.08517
608.389 1.11241
656.216 1.92322
-62.4267 2.7962
356.321 0.902498
115.141 2.04649
645.389 0.966491
384.609 1.8653
565.341 1.16668
462.454 1.29065
1339.3 1.28562
1237.77 1.35905
175.197 2.68488
1129.1 1.06643
1021.81 0.811096
198.657 2.20241
203.725 2.4842
1196.21 1.27711
155.206 1.89894
833.73 1.12436
1023.42 0.888328
663.759 1.69037
439.356 0.807194
393.246 1.08641
218.81 1.61247
590.437 0.916457
534.691 1.37
55.7023 0.892292
-50.3912 2.3156
111.606 1.48627
263.62 1.31216
428.855 0.947929
529.3 0.379864
630.695 0.983535
306.429 2.66164
689.126 0.998252
251.477 0.930097
234.067 -0.221402
417.062 1.98681
1441.22 1.15494
502.892 1.11542
678.027 1.09219
603.725 2.32622
268.679 1.55185
1306.82 0.754735
1269 2.42137
970.282 0.52444
772.437 1.69723
256.176 1.20428
4.48934 2.13823
1340.97 1.04764
593.078 0.955124
595.725 0.743691
1008.64 1.86393
1153.1 0.744258
101.433 2.44845
781.734 0.466714
441.402 0.984318
57.4245 1.21431
1758.59 0.880574
1105.45 1.22116
1528.32 1.09184
968.042 0.82998
745.727 0.672929
366.002 1.11981
939.918 0.674372
819.495 0.665553
1303.52 0.883055
199.353 1.38502
71.402 2.32006
-65.9188 3.44513
748.178 2.66306
353.115 3.20225
602.846 0.923407
682.948 0.953937
1180.1 1.07549
556.412 0.204544
1376.66 0.906181
326.853 1.2924
1581.36 0.827614
660.856 0.671258
1.50608 2.6395
915.773 0.435
509.125 1.02829
1057.29 1.09679
1197.39 0.7332
942.736 0.877597
67.7489 0.753614
1152.05 0.866334
-48.9125 3.07321
1712.81 0.707099
375.967 1.69563
384.619 0.173288
517.87 -0.053556
-19.6474 2.63418
2529.5 1.17652
500.121 1.48755
1901.26 0.696011
874.75 0.407293
713.254 0.816732
1358.03 1.04686
1052.47 0.950207
206.006 2.04722
1230.93 0.927312
571.761 0.635461
881.647 0.891202
809.754 0.845013
788.872 1.30684
1358.33 0.953683
220.352 2.57507
123.309 -0.250084
219.093 2.91798
547.813 3.08757
861.164 0.713901
1305.3 0.85572
1505.68 1.20812
834.421 0.950805
1056.64 1.7405
421.631 1.9022
471.918 2.59778
145.001 0.700785
750.656 1.33567
736.096 0.60348
703.16 1.46135
271.211 1.78987
469.638 1.83799
1244.05 0.760394
709.86 1.13714
604.967 0.605972
891.803 0.688094
897.112 1.71031
716.449 0.77012
573.789 1.02162
1363.36 1.03588
637.404 2.59231
247.701 0.583069
912.923 1.46137
24.3027 1.64904
242.805 2.35337
341.362 -0.365988
1084.09 0.678388
2184 0.90433
203.084 0.846098
1303.29 0.778922
870.765 1.19462
454.071 0.572615
129.317 2.05747
517.264 0.881894
741.596 0.303212
254.181 -0.17954
1209.65 1.17711
113.708 1.33635
-105.836 2.713
310.066 1.06868
233.5 1.64789
954.675 0.97153
1376.17 0.903824
527.901 0.743588
803.669 0.944795
273.459 -0.108341
1386.58 1.04087
438.298 0.538322
332.233 0.854867
551.314 1.7856
948.268 1.32194
1232.13 0.82068
118.979 2.39286
1367.73 0.894668
876.596 0.1856
1105.17 0.795164
274.809 1.22233
1022.79 1.66441
-4.15736 2.42275
1296.25 1.94367
608.693 1.68159
337.911 2.71507
729.708 0.0390195
914.46 2.01077
297.997 1.84443
827.524 0.655642
1148.7 0.917564
1101.8 0.717939
1602.38 0.597456
1275.81 1.87003
555.052 1.11777
482.576 1.03275
1738.33 0.901565
677.674 0.931759
546.286 0.8535
479.23 2.41449
2336.04 1.10229
190.35 1.60185
98.5319 3.24654
371.549 0.858835
303.228 0.488714
462.226 1.44682
795.057 0.782954
701.225 0.447058
112.344 1.82394
1046.51 0.862148
1400.08 0.861385
1525.52 0.989539
399.763 1.70952
128.321 2.64468
389.203 0.988334
1483.36 0.770212
194.48 0.84765
479.586 0.82392
208.22 2.47021
514.463 0.996321
219.678 2.03415
839.805 1.13859
430.741 1.41955
24.2132 2.39944
181.765 2.23206
1402.01 1.19526
746.509 1.16516
1018.46 1.07462
1347.19 1.12705
979.33 1.81267
620.358 0.637231
957.602 1.19727
844.326 1.40195
1438.13 1.35319
346.424 0.800523
303.436 2.04095
319.972 0.966523
1109.99 0.909111
413.904 1.72679
2026.45 0.882574
816.055 1.51347
257.436 0.998823
214.698 1.24917
805.316 1.53023
1043.69 1.18836
525.727 1.27986
198.894 1.23697
551.222 0.792782
426.959 0.870981
43.6262 2.90868
742.543 1.37703
404.179 0.850644
1521.17 1.11467
630.398 2.03828
193.627 1.09879
818.836 0.699595
524.762 0.750318
175.963 0.66572
610.634 0.985722
1140.37 1.86598
114.306 1.33243
291.144 2.1401
182.362 1.8171
411.842 0.822063
714.695 0.340326
643.301 0.549587
572.122 0.473498
577.54 0.577933
1535.36 1.66286
293.301 -0.471067
1408.54 0.993934
43.9593 3.22703
1375.31 1.26199
656.612 1.07273
701.342 0.49922
840.092 1.88654
1309.38 0.766247
749.014 0.352519
558.811 1.17692
184.269 0.765036
564.849 0.979203
907.409 1.09295
565.249 1.04074
532.762 0.789987
451.245 0.596264
458.125 2.13501
829.809 1.06691
768.538 0.935577
887.698 1.09662
386.947 0.374542
940.017 2.053
1089.92 1.45198
383.756 0.216596
832.576 1.78039
736.076 0.88137
192.357 1.24395
1347.04 1.01537
381.669 1.36756
167.086 -0.270334
726.388 1.09921
37.748 1.01803
494.262 0.712751
-233.192 3.05211
325.206 2.20078
357.385 1.40533
170.761 2.67134
595.671 2.53079
454.102 1.05619
1250.36 1.61568
1184.98 1.70614
554.809 0.803858
1395.05 1.5503
295.078 1.47306
542.452 1.16864
414.315 1.15166
157.165 0.815294
407.51 0.646659
1596.63 1.46078
857.431 0.689169
891.456 0.515773
-75.0381 3.07426
379.498 0.0166128
424.984 0.622513
448.507 1.61173
462.58 1.20129
869.693 1.05852
584.524 2.31938
170.23 1.90774
1299.83 0.455859
690.886 0.724616
461.436 1.74342
581.623 1.55662
826.774 0.940135
1399.32 0.932773
693.087 0.594992
123.774 2.83545
1617.27 1.25569
488.247 1.73232
722.04 0.991587
499.621 0.845079
506.876 0.641769
-9.6783 2.56204
1030.47 1.3703
270.959 0.766114
-108.547 2.88183
443.443 0.0528038
461.549 1.00179
568.014 -0.202282
663.641 1.63181
1322.06 0.793205
625.131 1.46815
182.131 2.13473
842.978 0.71947
1707.06 0.961179
1347.55 0.697221
359.159 0.807308
2210.1 1.13772
649.957 0.265144
538.839 1.76207
815.179 1.25069
186.109 2.69426
247.07 1.33347
2094.06 0.957471
697.378 0.789241
394.356 0.520913
410.643 2.0965
739.44 1.32521
1605.03 0.951058
920.87 2.22952
546.173 1.24171
102.771 2.50768
549.002 0.908176
1781.14 1.12561
659.15 2.54239
1657.62 0.702094
827.659 1.13833
863.51 0.85518
833.105 2.08566
1006.79 1.01909
794.947 0.79381
451.593 0.851795
762.242 1.79542
1731.5 0.967571
454.774 0.834326
663.903 1.11253
186.516 1.14649
18.2184 3.3149
1509.42 0.198224
596.89 2.73675
201.767 2.78189
626.913 -0.256292
471.662 0.895347
912.263 0.781194
1034.73 1.4979
1076.56 0.927444
812.561 1.22003
484.103 2.98541
222.365 1.42656
707.378 0.922752
1601.95 0.68291
852.76 1.07825
31.2336 1.62137
591.362 0.448259
725.921 1.70999
162.122 1.1451
639.661 1.13707
-6.55967 1.80167
911.851 1.32489
538.244 1.01015
892.555 1.0474
424.055 1.19477
621.043 0.767738
426.689 -0.305071
1883.5 0.456224
254.169 1.97621
2737.35 1.35695
326.322 2.49348
940.459 1.28546
454.75 0.529675
557.179 0.73801
1057.49 0.923558
266.546 0.236596
365.867 0.64383
604.016 0.289973
1201.72 0.782946
252.33 1.05753
752.95 1.64574
166.636 0.127155
132.772 1.11163
1644 1.26564
939.801 1.71353
1064.92 1.90832
475.485 1.07182
881.327 1.957
352.698 1.75732
971.348 1.04873
570.834 -0.204174
308.772 1.70578
409.196 1.56274
705.301 1.34554
991.218 0.466215
111.481 1.61431
391.383 0.108153
310.221 1.26176
657.635 1.42686
1155.43 0.831683
286.664 1.13179
1158.73 0.908578
419.587 1.92376
573.739 1.24126
1809.17 0.975214
425.528 1.12781
546.273 0.552918
186.474 -0.395358
425.384 1.02434
491.332 1.20904
184.43 1.30877
797.523 0.966016
624.371 0.870657
956.464 1.51879
37.5469 0.719059
614.32 2.04339
88.5812 1.64685
1234.92 1.66767
3.86502 2.49654
292.26 3.22191
1180.98 1.11757
387.754 2.88272
946.235 0.973609
560.873 0.412721
1167.48 0.867627
1326.5 1.6113
103.916 1.2692
677.513 0.589594
33.2032 2.08735
261.637 0.942419
294.343 1.04728
235.613 0.641285
694.895 1.12174
424.556 0.740547
539.353 0.963606
1387.37 0.921302
460.48 1.22316
478.912 0.987819
631.281 0.777853
1026.19 0.374674
1703.33 1.2159
-23.2894 3.30683
1619.14 0.895779
1180.51 2.42591
383.75 1.33058
1011.83 0.892121
1103.55 0.847471
-53.0893 2.59472
1148.71 0.877072
362.457 0.749788
669.27 1.42482
749.242 0.0784654
404.252 0.999039
629.391 1.98707
213.795 0.901443
1016.4 1.54825
157.65 1.91866
96.5965 0.417213
345.738 0.604943
413.942 -0.0790307
-20.6207 2.83737
990.93 1.92612
254.996 1.83556
1045.02 1.61139
954.617 1.76563
1587.07 0.951097
285.4 1.05776
494.966 0.553601
95.7265 2.26384
886.987 0.989976
499.866 -0.507995
619.075 -0.0919293
623.297 1.38787
91.993 1.32838
1223.49 1.02327
618.975 1.69503
830.717 1.01129
274.619 0.160759
674.343 0.978788
2277.08 0.787857
319.977 2.15064
559.201 -0.152968
562.927 0.73246
732.189 1.17811
197.336 -0.464989
936.825 0.993265
-56.0695 2.59916
434.837 1.8752
726.106 1.14375
1039.94 3.22721
590.99 1.05218
1523.12 1.72694
-79.7412 2.90537
487.598 1.71563
168.378 -0.344727
658.096 0.778561
907.531 2.02454
252.216 0.859626
600.421 0.629679
969.614 1.41009
602.662 1.601
560.048 2.60446
515.78 0.963405
1184.89 0.781425
588.743 1.33735
860.169 0.0887649
2139.82 0.516484
281.954 1.30105
1004.42 1.06009
173.003 -0.24085
62.3181 0.0945964
-28.8562 3.41323
559.258 1.10567
721.04 1.23517
1173.56 0.985223
490.782 0.831542
891.715 0.0998014
945.805 1.62654
947.589 2.40285
373.054 0.699319
714.734 1.17218
380.257 1.13327
117.087 2.41362
626.126 0.398628
944.545 1.11156
614.164 1.83813
713.088 2.10986
868.862 1.50076
702.26 0.819222
1253.58 1.95729
-39.7423 2.39697
66.4758 3.37213
922.887 0.89436
159.834 2.52482
132.025 1.16677
181.838 1.0477
642.235 0.704625
726.041 -0.0960416
1004.28 0.655385
597.254 -0.247504
909.374 1.23175
346.029 2.22542
1053.21 0.878502
1131.71 0.899614
-4.26608 3.28331
1171.02 0.908068
1583.17 1.36448
855.086 1.32342
195.952 1.93902
30.497 0.365513
507.253 0.370662
177.686 2.49683
936.183 1.78128
718.833 0.312921
292.681 1.92857
1571.34 0.776816
572.396 2.6023
242.566 2.51503
796.516 1.00665
643.313 1.20279
446.464 2.24521
1457.71 1.29505
-190.256 3.08016
432.145 0.269304
922.765 0.987418
1030.08 0.846092
630.816 1.60136
166.626 1.29527
832.968 1.61684
1015.41 1.31055
59.3828 2.68972
693.382 1.02792
1090.19 0.720316
639.214 0.627479
577.846 0.71784
180.682 0.522573
295.534 0.261144
284.097 0.821169
238.948 2.01588
181.557 1.60466
454.036 2.37408
524.933 0.890625
139.873 1.18082
501.602 0.501128
283.801 0.711766
671.205 0.483278
987.069 0.969912
957.41 1.03284
1836.97 1.19965
1707.18 1.06642
671.112 1.51969
716.15 2.06642
449.104 0.712617
1347.44 1.08199
1113.79 0.343815
423.092 0.622966
390.036 0.817285
1039.84 1.17886
250.367 2.53432
499.639 1.25571
195.997 2.05574
246.722 2.06695
847.47 2.66164
684.061 2.71164
603.495 1.08702
480.284 1.34483
516.526 1.62556
1061.46 1.23363
885.09 0.989729
395.982 1.21472
217.237 0.710077
637.875 1.45266
999.188 0.922034
1188.7 0.983231
1372.02 0.785675
354.359 2.01839
796.748 0.521768
158.649 2.06203
232.116 1.51934
-242.98 3.38579
207.917 3.12789
397.96 1.68519
195.277 0.352017
622.426 0.411009
640.182 0.623
213.531 1.87046
971.225 1.02096
231.077 0.941645
131.142 1.08857
1876.28 0.96454
326.655 0.885983
934.821 0.786156
161.721 1.1352
220.856 1.6879
756.332 1.4479
857.07 0.596003
1472.74 1.54906
871.915 1.37359
-8.29974 2.37926
547.54 1.20215
768.705 0.849843
1222.24 0.890291
1348.15 1.00653
874.368 1.60911
806.024 1.10173
251.849 1.92127
1952.33 1.69467
527.77 0.593113
1006.96 1.9345
826.096 1.87956
538.707 0.65318
560.459 0.612986
1403.07 0.956344
342.91 2.17755
471.178 1.38731
113.652 0.308481
1185.01 1.10066
734.217 0.310039
181.588 0.90996
432.624 2.49247
879.909 0.824631
57.7743 0.881294
1028.88 0.706689
753.464 0.767119
1093.55 0.812856
1099.09 0.858047
559.567 1.00686
1232.39 0.594659
968.695 1.28545
290.478 2.62229
1272.78 1.08275
751.064 1.56697
95.5828 1.31851
290.806 1.22439
326.625 1.10635
1362.4 1.30924
690.215 1.99508
-18.3968 1.86126
452.819 0.790299
117.282 2.85826
1191.51 0.745645
842.961 1.0538
439.806 0.0213693
392.72 1.1149
828.887 1.02971
827.354 0.770868
591.99 1.60119
523.35 0.446369
487.076 -0.278095
776.793 1.17941
384.787 1.57601
444.255 2.44793
508.85 1.69165
1164.16 1.24138
1113.83 1.05895
707.495 1.7656
420.847 0.628948
977.943 1.21622
401.146 1.45861
478.269 0.791541
91.1734 0.924426
597.718 0.436304
590.813 1.29796
831.512 1.21474
5.20569 2.16491
1501.89 1.32393
1347.62 1.3124
1332.95 0.888594
486.179 1.19159
759.177 1.45522
1776.34 0.949682
844.863 2.22776
629.694 0.705899
2413.64 0.882018
1053.78 1.34179
599.204 -0.304129
397.767 1.23915
591.963 1.31961
1006.28 1.51485
32.5672 0.495876
697.399 -0.321276
1289.36 0.83413
750.154 1.98444
31.4862 1.02669
572.008 -0.201152
949.781 1.40984
1017.3 1.05092
566.547 1.41416
822.472 0.819749
476.444 -0.406724
651.859 1.52954
556.368 0.40452
859.813 0.9283
1697.68 1.39615
994.18 1.00291
573.638 0.871443
613.807 1.33083
503.715 2.3124
797.992 0.334423
111.904 2.33269
1511.1 1.87228
341.135 0.644414
1112.39 1.00761
404.41 1.03817
212.028 1.69008
821.227 0.953472
438.929 1.00746
884.844 1.06609
684.705 0.834813
213.562 3.05464
381.541 2.07534
190.576 1.41881
403.104 1.59708
996.407 1.25866
372.213 -0.293625
114.227 3.01437
820.802 0.494775
1405.17 1.00022
274.089 1.56749
275.176 1.95749
1130.58 1.52566
495.032 0.930571
186.114 0.250128
968.035 0.696418
495.72 -0.30678
698.947 1.23965
1158.53 0.875195
91.2839 0.405273
281.106 2.66678
400.917 0.815264
1210.94 0.722722
2133.66 1.45253
1238.2 1.27039
412.77 0.616171
666.325 1.37119
67.2733 -0.508
546.721 0.865021
395.375 2.06933
1528.79 1.18582
746.454 1.26946
1356.62 0.860676
485.901 2.12318
415.166 2.29693
709.895 2.90432
1152.16 0.170591
-267.043 3.00505
224.578 2.97749
226.636 2.73479
1517.1 0.937359
336.177 0.765595
545.736 0.324732
329.456 1.67743
1372.46 1.41424
117.447 1.67025
1869.45 0.957279
500.36 0.468761
1025.94 1.73268
530.472 2.96109
1537.71 0.999445
1121.76 0.729677
407.762 1.75927
491.431 1.17157
162.775 2.58385
500.663 2.7626
946.75 0.981704
597.579 1.41255
676.917 0.640735
766.899 2.09823
626.602 0.59274
414.174 2.0505
668.879 1.05749
330.146 0.750982
582.007 1.57532
549.871 1.36431
651.912 0.811735
1712.67 0.803985
428.347 0.881006
703.48 1.63717
504.41 2.30691
257.613 1.48575
324.712 1.06619
633.917 1.72231
-128.798 2.7255
960.271 0.536846
799.43 0.756689
-367.142 2.513
288.004 0.763606
786.803 0.466933
1014.96 1.06327
583.641 2.30132
1982.22 0.867234
102.033 1.17551
862.889 1.28369
1107.74 0.538955
756.758 0.727464
1823.64 1.06142
1335.37 1.20083
401.982 0.883029
875.891 0.934885
683.208 0.349646
712.095 0.976959
378.574 0.68718
498.878 1.59909
1004.62 0.726111
304.592 3.19491
362.625 1.39593
522.778 0.677665
258.647 0.775885
802.383 0.6649
593.391 3.24358
1057.03 1.00952
1095.67 1.05856
1470.37 1.00237
2201.23 1.16648
928.943 0.971144
185.615 1.42013
1449.55 0.380111
516.453 1.0076
260.381 2.57253
678.475 2.33386
144.868 -0.0987687
484.192 0.913075
428.76 1.88244
399.188 0.92522
760.638 1.82066
-40.9376 3.34237
1107.36 1.28938
506.935 1.19702
208.866 2.49661
130.115 1.06982
848.607 1.39972
1699.32 1.32337
1138.48 0.916479
1420.45 0.948662
498.085 0.921685
899.641 0.784244
1693.73 1.79477
1118.2 0.585557
672.947 1.53887
743.423 0.435101
927.275 0.83227
271.419 0.0160363
848.003 0.937016
462.339 1.45882
929.478 0.808403
1112.67 1.30437
841.877 0.85089
-44.1889 3.32973
475.397 2.7389
642.623 0.487133
1041.27 1.67389
-13.4473 2.43648
1315 0.730439
562.673 0.908575
656.782 1.13695
423.81 0.870316
22.001 3.06936
661.328 1.30251
731.482 0.899692
971.729 0.952512
1060.28 1.12196
340.314 0.897639
1267.3 1.0692
884.963 0.847465
395.621 3.00428
524.052 2.01422
585.191 1.13089
500.322 2.20944
368.365 2.2669
266.632 0.436201
763.502 0.391851
779.727 0.814869
1276.39 0.915269
1033.71 0.827203
1023.94 0.485486
533.317 1.30582
867.437 0.51565
572.505 0.61696
697.192 1.27377
801.885 1.14867
192.425 1.19475
42.0412 2.7963
595.751 2.35123
77.1914 1.23576
808.593 0.937804
939.735 0.878978
684.244 1.13652
197.277 0.962439
-185.61 3.19937
833.248 1.8183
434.46 0.842427
677.094 0.882449
519.347 0.938338
333.218 1.45955
790.842 0.927153
695.471 0.796683
863.805 0.825594
108.131 2.37944
735.843 0.253907
181.031 2.55119
994.91 1.16823
936.038 0.977415
219.626 0.148026
-146.886 3.01257
893.048 1.47777
1385.57 0.833308
476.038 2.36716
697.062 0.495051
1440.32 1.78035
950.115 1.48549
461.88 2.79534
262.097 0.750072
212.77 1.09092
1034.35 1.64353
342.539 0.802088
346.635 2.88031
784.339 1.07315
930.562 2.03182
217.928 2.90493
601.745 0.796448
631.959 0.673009
-49.6274 1.59535
89.1823 2.63226
518.317 0.417613
330.741 0.726429
501.239 1.7114
817.971 0.708398
769.488 2.66112
319.927 1.64758
1122.7 0.887106
465.273 1.78223
-28.3071 3.07623
235.107 1.15252
544.236 2.30716
647.467 1.86031
885.899 1.20309
1167.14 1.39562
378.945 1.35885
292.361 0.695039
169.002 1.13646
29.6742 3.25728
1349.6 1.03355
-31.3234 2.91674
855.33 1.04244
-52.9536 3.56254
328.038 2.3121
184.89 0.95457
895.864 1.95538
129.228 1.49808
990.865 1.09949
1174.6 0.81816
482.889 1.51842
559.295 1.91263
1280.18 2.69803
-17.0914 2.59705
630.56 2.19309
1879.37 1.09085
1167.34 0.857476
290.05 2.85577
799.287 0.687955
205.853 1.53265
1853.58 1.41098
809.859 2.32238
619.056 1.92693
439.497 1.71271
1336.07 0.996022
1222.58 1.04847
453.99 1.21777
462.951 1.01054
123.912 1.11708
949.608 1.01363
293.241 -0.241016
339.026 1.21296
831.517 0.835892
495.762 1.35631
423.557 1.76101
535.577 1.12547
553.17 0.877548
145.859 1.99264
1117.71 1.11926
835.545 1.7641
310.632 1.23633
-43.9846 3.18543
318.247 0.77885
627.675 1.82779
1018.16 0.959433
520.329 0.550752
347.552 2.24388
577.676 1.1098
2174.93 1.049
1361.19 1.22465
812.941 0.812281
342.645 0.400908
1055.05 0.856451
182.145 2.89529
1196.27 0.899247
597.97 1.61013
225.2 1.32965
601.654 1.77417
532.257 2.30733
933.696 0.121088
898.867 0.89551
945.477 0.952488
303.172 1.96203
1219.33 1.25288
1838.29 1.38144
483.979 0.228182
161.632 2.15899
1015.08 0.421755
1089.21 0.939183
76.317 -0.0753748
1584.91 1.19546
805.104 1.08464
267.788 1.89438
752.073 0.554044
1205.03 1.0269
987.492 2.27778
1101.17 1.04724
1650.2 0.813643
1548.01 0.898368
726.555 0.914839
449.382 0.48562
449.171 0.0244587
-131.886 3.43341
228.589 2.71108
276.213 2.80432
804.554 0.712308
563.056 1.25076
342.882 1.84205
92.0275 1.95543
424.775 -0.147497
559.805 2.44336
1205.66 0.39053
153.931 1.69334
424.657 0.473184
607.141 2.61094
416.032 1.61262
722.004 0.758492
834.302 0.949843
345.486 -0.280541
551.679 1.4463
892.7 1.02118
572.233 2.13776
446.629 0.345167
311.626 1.75365
770.39 0.601943
1281.24 1.14664
669.823 0.812413
379.557 0.952911
946.064 1.67802
218.288 0.632573
556.315 0.79559
991.04 0.537781
120.99 1.4365
380.717 0.680785
1145.14 1.81471
357.836 1.5502
797.374 1.09382
1355.95 1.84167
348.619 0.535675
325.98 0.463774
378.774 0.0676157
1139 1.50938
303.388 -0.273772
667.298 0.472746
359.254 1.53233
1135.04 1.49879
467.089 0.291022
1210.15 0.682248
100.938 2.61106
1701.67 1.34635
1223.7 0.291281
1817.87 0.798708
811.956 1.19668
-132.572 3.04698
697.078 0.63472
790.175 -0.213239
421.94 1.60346
640.356 0.170004
231.39 1.63423
-57.435 2.32592
926.606 0.707929
1527.21 1.14019
680.1 1.45619
553.29 0.645919
2076.6 1.78857
1525.78 1.07113
647.023 1.7845
457.129 1.67783
587.576 1.5577
219.524 0.120172
1204.9 1.14054
650.485 1.0096
927.697 0.847241
199.688 1.1479
280.026 0.844255
185.783 2.81298
1432.01 1.17695
394.95 2.67193
880.862 0.980188
707.942 0.81507
-73.0791 2.33179
415.318 0.410038
586.616 1.02078
993.582 0.702054
220.579 2.29316
167.989 2.79817
1134.95 1.0426
751.898 0.926611
582.09 0.383995
173.187 0.821364
486.814 2.09911
369.278 2.06032
662.021 0.854709
1100.89 0.765034
636.528 0.333326
385.236 1.67002
1614 1.04442
1169.48 1.40227
616.973 1.17564
646.267 1.39619
200.277 0.595891
130.912 2.87654
859.414 -0.407112
518.728 0.940687
816.361 1.14978
635.753 0.392807
56.365 2.81761
251.036 -0.0182237
1868.11 1.44398
879.454 1.33748
1305.41 1.05368
1258.2 1.12671
1083.94 0.407497
750.299 1.38133
833.39 0.517438
302.162 0.876624
1062.93 1.79378
505.476 1.57058
764.162 1.83296
-16.7897 2.16977
910.244 0.916149
397.61 0.837341
1488.42 1.05711
1487.57 0.897541
1228.03 0.918906
1182.13 0.87911
179.551 3.1937
783.13 2.548
520.383 0.112949
287.907 2.11295
1078.28 1.22981
34.2362 1.8393
100.978 2.03046
500.523 2.04338
409.542 1.50906
491.788 1.86725
434.446 1.37431
1302.22 0.948873
669.102 1.1202
586.034 0.812788
769.411 1.35348
891.628 0.744832
207.922 1.18604
661.322 1.51468
28.0536 2.96328
475.743 0.553847
1231.56 0.665922
181.872 1.27565
1531.41 0.71923
683.31 1.16528
641.185 1.93861
547.062 1.01035
421.082 0.938759
667.824 -0.027406
268.059 0.821885
5.22123 1.39445
1173.35 1.23144
832.967 -0.24099
120.234 1.85194
1437.66 0.895373
1025.04 1.36766
698.453 1.74446
402.129 2.1805
771.224 1.0275
36.1981 2.23477
414.174 -0.15781
702.051 0.909876
537.514 0.300251
850.449 0.984665
677.009 0.850449
1070.17 0.881287
153.101 1.04093
381.395 0.854653
323.469 1.01424
540.906 0.918352
1254.44 1.15857
327.711 1.68963
719.78 1.09004
1280.72 1.06795
848.332 0.0360666
705.45 0.981893
1258.31 0.715801
401.376 1.03104
98.7375 2.93477
365.872 2.90779
548.747 2.4781
417.95 1.13257
346.123 0.806604
-754.242 2.90648
931.536 1.09484
460.137 1.60834
313.11 0.917215
335.761 2.93352
461.757 3.3378
298.723 1.38321
955.016 0.888607
1225 0.934121
1096.46 1.02893
588.204 1.1306
-115.576 2.57134
647.379 1.52535
1051.1 1.10867
96.7511 0.0107952
575.912 0.776238
137.379 1.05654
703.966 1.08679
608.037 1.20446
436.435 2.47081
875.398 1.10593
582.861 1.06064
207.365 1.7728
405.228 1.02906
173.644 1.60016
559.388 -0.173064
655.503 0.842022
161.402 1.25135
78.8247 0.579073
225.37 0.834635
872.554 0.431445
252.909 1.17938
891.16 0.981568
933.832 1.03781
934.455 1.26143
645.697 1.07932
1542.44 0.697517
386.246 1.07366
721.008 2.80197
212.791 2.21508
1230.55 1.1844
441.358 2.51888
549.615 -0.205344
486.947 -0.107799
361.132 1.00665
195.736 1.02795
561.681 1.39412
703.528 0.145288
577.192 0.927338
510.284 2.04536
893.648 0.755358
765.652 0.325754
701.013 1.52886
233.343 2.05551
1857.43 0.922468
415.106 0.685055
852.48 0.751605
275.724 2.97614
123.836 1.44429
164.208 2.33239
279.774 2.55505
875.984 0.529084
879.651 0.711839
340.346 1.15482
185.011 1.34741
845.872 0.941975
64.1912 0.378763
404.727 1.1765
477.087 0.787355
224.582 0.333511
1164.24 0.948682
410.087 2.59509
189.923 -0.454917
871.544 0.602103
918.702 0.872256
580.081 0.970149
698.3 0.809218
778.144 2.25296
609.276 2.54961
515.839 1.30412
991.172 1.54482
518.225 0.244131
461.452 2.27785
-36.3071 3.59126
687.512 1.04879
1114.25 2.06521
537.019 0.790692
443.279 1.84396
703.005 1.00207
1031.37 1.66976
346.102 1.0753
-90.3843 3.65871
857.34 1.81199
192.468 0.870267
828.188 0.758027
775.658 1.3184
825.25 1.77559
813.216 0.967202
113.923 -0.191827
464.804 -0.124416
1391.02 1.00035
1203.54 1.13535
182.125 2.23926
700.523 1.00463
1068.35 1.34078
386.236 -0.164031
956.877 0.742034
824.213 0.791393
1223.84 0.858668
425.634 2.98295
107.441 0.933755
211.891 2.89834
538.178 0.841702
534.674 1.55794
-98.7572 2.95303
1122.82 0.881909
1072.49 1.15539
20.1518 0.590261
300.952 3.00267
1624.78 0.911901
1443.33 0.968404
346.991 0.412938
1121.17 0.647677
704.006 1.0177
142.978 0.935782
11.0804 3.52901
1774.63 0.923576
461.923 1.19759
621.024 1.56041
2228.49 1.31669
525.319 1.03933
626.546 0.87795
669.585 0.528826
429.143 0.865542
535.232 2.53458
848.445 1.09445
483.377 2.02733
153.533 -0.072128
823.481 1.02377
1017.58 1.24358
839.589 0.893493
957.153 0.618507
684.58 0.783022
1848.4 0.906059
351.093 1.25587
-53.4371 2.79163
826.397 0.879069
779.621 0.828174
1236.21 0.766638
414.502 1.85171
118.521 3.11249
-86.4155 2.66039
501.997 1.94977
601.096 0.833117
312.089 1.14771
346.494 1.35709
1120.28 0.925918
1571.04 1.70593
397.364 -0.212072
889.18 1.08642
69.0538 2.43078
924.268 1.07627
745.809 0.995313
600.392 -0.0743143
106.469 0.931367
337.858 0.451876
1304.45 1.31091
371.639 0.681878
1511.36 1.03237
1042.97 1.11749
341.874 2.51724
353.052 -0.11856
790.401 1.14936
394.674 1.02808
288.046 2.57201
427.699 2.6239
583.867 2.05038
416.435 0.907868
533.976 0.750505
2482.12 0.919661
1025.35 0.609894
1395.53 1.30524
-168.848 2.56325
369.945 1.83871
128.741 -0.217738
144.902 1.18267
381.515 0.758066
672.304 -0.336811
721.071 1.20103
599.585 -0.328389
1189.52 1.15979
690.253 1.50703
1052.31 0.860509
2298.84 0.987115
965.929 0.634213
300.911 0.936521
338.078 2.34894
111.494 0.322961
227.481 2.42481
717.979 1.14379
147.181 1.37884
543.239 1.20536
1226.22 0.788384
160.666 1.61777
1282.57 1.04555
523.547 0.753708
1453.38 1.22934
621.01 1.29959
620.025 2.0572
177.593 2.57864
766.559 0.891083
669.694 1.58897
1563.17 0.981085
627.617 1.94384
976.192 0.776801
575.547 0.82743
187.932 0.305818
-127.58 3.28509
-120.94 3.25842
525.484 0.7874
1224.44 0.985079
265.026 1.01198
922.137 0.654531
1348.8 0.816575
1244.45 1.16639
725.44 0.770891
777.17 0.801267
974.605 0.526153
1140.35 0.9768
-127.15 3.38572
494.02 0.219051
119.184 -0.431124
1612 1.32855
404.154 2.10631
368.352 1.26648
493.268 -0.00138247
464.127 2.46076
258.871 0.836637
683.903 0.717261
1060.88 1.54657
1006.29 1.10937
774.333 0.63802
178.528 0.818539
846.994 0.80409
653.714 1.26894
1511.43 1.82651
266.491 0.333736
877.225 1.44366
1534.84 1.02643
641.361 1.60039
655.558 0.744071
334.552 2.19477
37.3407 2.80738
1461.65 0.91801
1028.16 0.888493
660.877 0.801598
1154.53 0.536828
148.961 2.86489
321.975 1.56561
47.9689 2.87464
201.376 1.0618
167.341 1.7857
403.756 0.667918
850.415 1.7398
959.321 1.62971
735.966 0.439758
977.161 1.14785
1223.57 1.45994
932.072 1.04227
825.075 1.8381
1091.2 0.690028
610.637 1.46062
1631.44 0.884389
1559.22 1.01211
953.198 2.2799
119.882 2.06382
514.819 2.28307
569.392 -0.146522
286.706 1.12932
1768.35 1.3981
51.8325 2.71894
132.989 2.11223
1035.59 0.998449
71.1402 2.46599
256.849 1.01276
722.585 1.06895
1713.67 0.916039
335.48 1.21078
342.559 1.8234
225.324 0.181093
419.641 0.102805
1046.74 1.08584
80.3161 1.6798
911.804 1.04127
1109.54 1.63504
470.704 1.58458
1201.43 0.73919
1584.89 1.6282
490.69 0.506854
222.329 1.66176
966.379 1.01462
958.647 1.84728
1565.79 0.787034
89.4662 1.91095
508.677 1.42934
1088.03 1.47778
456.983 0.513922
336.472 1.28138
-99.1214 3.20615
424.575 1.45682
253.417 1.43521
820.57 2.13673
18.6749 2.63672
21.8642 1.81779
1007.63 0.652673
234.266 1.7676
133.182 3.00745
502.213 0.951933
1301.72 0.976466
937.664 1.6205
1287.57 2.17234
822.364 1.06934
228.082 0.443735
331.098 2.04817
1268.96 1.00518
1669.82 1.25978
395.188 1.2203
181.276 1.97271
233.419 0.580758
440.676 2.82463
495.66 -0.128285
256.05 1.13882
14.6216 1.35577
3009.5 1.07883
284.358 0.655771
2223.89 1.02486
1742.63 0.894218
193.891 1.20384
442.595 1.06658
214.991 1.50339
588.216 1.82369
1714.04 0.802819
368.325 2.54951
840.834 0.730772
722.71 2.51621
803.946 1.24879
1078.92 1.4575
600.027 0.235883
420.829 0.214206
939.338 1.89012
1044.21 1.48811
630.569 1.84734
825.651 0.620413
2024.53 0.928466
633.861 0.178694
628.996 0.833974
286.371 0.380692
430.988 0.877786
1344.51 0.891612
279.011 1.49997
103.339 2.53202
235.854 0.856843
1147.43 0.958291
356.999 0.863778
-41.868 2.70607
469.909 1.95669
945.552 0.518792
563.428 3.08192
923.755 1.0237
1831.59 1.50364
843.199 1.81434
597.086 1.28621
1383.58 1.18784
168.426 0.422319
-8.02041 3.1496
1405.67 0.894471
543.146 2.44304
761.664 1.00999
504.693 1.46042
138.658 1.60756
895.428 2.79408
600.723 1.13125
5.74159 2.50565
793.124 1.143
109.943 1.99332
1165.71 0.983602
918.039 0.774227
393.128 0.0381261
601.703 1.5008
564.333 1.11692
1027.42 0.901146
302.537 0.735124
1326 0.985519
474.677 1.53686
928.862 1.71785
163.896 3.03689
19.5035 2.92004
659.021 0.791394
946.066 1.84698
346.298 0.906868
971.002 0.974861
732.259 0.57123
869.925 0.206657
640.239 1.20278
1513.7 1.00559
787.771 0.950449
612.275 -0.238658
218.302 1.50874
518.816 3.10337
378.439 1.46274
1393.16 0.954815
14.3178 2.75583
523.227 2.32499
627.302 0.966754
8.47974 2.98352
703.546 2.42878
274.063 0.253769
283.456 2.41323
375.377 0.256564
768.633 2.67918
942.958 0.831843
890.986 1.44814
177.879 1.36377
607.003 0.650881
1950.4 0.978259
-101.83 2.25903
2894.28 1.47635
726.834 1.44224
421.909 1.45051
155.747 1.56405
246.691 1.00708
337.163 0.681262
1248.87 1.66663
28.4587 2.98708
650.53 1.37073
259.266 2.57754
374.647 1.65495
443.346 2.26673
455.874 0.0212027
405.925 1.73013
830.465 1.38152
128.3 2.47773
170.235 0.518718
631.103 1.09101
24.2864 1.242
95.6735 1.19485
292.547 0.855795
358.491 0.62782
46.3643 1.04773
1553.29 0.654915
318.645 1.61562
937.529 0.578632
1947.11 1.61436
1271.7 1.20298
881.574 0.935227
210.894 1.89889
1072.28 0.701577
468.166 1.02446
404.112 1.25608
485.662 1.24161
1061.18 0.968334
551.789 1.43131
970.451 0.805378
1019.67 0.336397
21.6075 0.122533
83.2311 1.15406
460.879 1.64475
465.454 0.519946
1574.3 1.41262
651.074 0.947796
995.789 1.09988
413.004 0.925736
1063.69 2.99101
841.366 0.505429
481.766 0.315608
1104.07 1.26959
458.828 1.60606
288.51 0.9111
358.846 0.615143
674.666 0.199139
45.945 2.90487
614.928 0.744761
831.179 0.381078
776.971 0.938601
601.912 0.171349
750.437 2.06347
1406.77 0.869686
860.302 0.673188
290.315 3.21377
1086.85 1.02611
190.676 0.0848448
452.731 1.25919
621.395 0.0925896
230.269 -0.0548342
296.141 0.7832
987.179 1.4859
278.303 1.39531
1019.09 2.31006
10.7858 0.516627
1015.73 1.21366
922.386 1.00913
55.4621 1.02468
684.048 1.14847
717.862 0.950891
830.266 2.12539
419.337 0.819781
96.4709 2.7045
802.905 1.08313
589.171 1.81529
879.89 0.811063
1044.74 0.704973
-142.524 3.0877
38.3764 2.03159
665.488 -0.339645
1192.25 0.827349
70.5492 1.08837
3.22964 1.74863
434.893 2.19803
721.618 0.613935
1424.82 1.78643
337.748 1.48861
507.624 0.531007
467.72 1.06431
657.529 0.831986
528.44 -0.438335
189.531 0.733418
354.278 0.976028
631.193 1.27597
1281.83 1.46563
1896.66 1.05069
144.085 1.85355
1122.24 1.37006
1021.94 2.32172
1944.34 0.979516
917.447 0.568961
215.202 2.22227
441.005 1.66133
50.8961 3.21523
639.868 2.59403
1055.03 1.08064
306.9 1.26245
-61.4688 2.49894
980.683 0.527295
1446.62 1.31736
472.057 1.0667
128.35 1.65192
1298.93 1.00705
524.842 1.26574
333.855 3.21339
85.6804 1.21766
705.008 1.52222
247.185 2.68459
-66.639 3.1915
2.47822 3.27491
70.2554 2.11529
814.216 0.18337
300.302 0.567662
-39.4345 3.23086
494.46 2.33004
405.516 1.49058
1055.83 0.820464
992.446 1.74945
1365.15 1.53746
809.826 0.267434
577.476 1.70621
1433.29 1.55759
226.271 0.298543
78.6544 1.87391
2188.74 0.87355
505.439 0.853805
-29.258 1.91344
1112.16 1.42161
806.912 1.53722
768.712 0.840732
288.62 2.05513
399.656 1.2925
1234.63 0.772938
1162.91 1.49741
320.802 -0.0512117
337.283 1.22765
949.236 0.640443
533.253 0.887543
657.394 0.7687
193.754 3.44029
654.232 1.09997
816.021 1.19257
1365.72 1.0014
14.7056 3.42962
440.516 1.16321
156.536 1.3051
1308.51 0.84091
661.189 0.125748
151.604 2.86142
536.344 0.455166
894.733 1.64601
499.833 0.959614
1062.17 0.923534
410.376 0.903292
186.56 1.46026
1342.92 0.904035
523.147 1.49751
877.57 1.31159
203.628 0.48477
948.487 1.84625
1210.82 2.18413
532.66 1.09173
503.691 0.0801638
1696.2 2.4414
313.444 1.23524
1090.59 0.945208
615.803 1.41856
323.714 1.62605
275.224 0.810017
594.148 0.489899
107.191 2.99493
657.027 0.730987
450.277 2.39233
101.34 2.43333
341.858 0.591446
998.043 0.608682
2564.54 1.23632
741.507 1.5636
848.336 1.32969
873.546 -0.00510042
172.126 3.27239
156.908 2.80525
498.679 0.480184
1922.96 1.34156
357.005 2.40893
98.7125 0.956065
606.021 1.0413
853.182 0.393292
550.177 1.48784
285.567 2.5159
-8.12959 2.91092
508.562 2.67057
286.989 1.87842
829.663 0.820957
270.24 2.04688
86.6074 2.30877
449.899 0.410429
951.176 1.3344
2275.67 0.889253
336.756 -0.378639
1074.9 1.50982
341.158 0.414481
1112.79 0.951697
509.113 2.13936
797.11 0.737202
142.274 0.739646
687.982 1.89878
277.348 0.86355
528.245 0.631748
231.083 0.104261
1551.14 1.24086
250.17 2.66843
-53.2883 3.16596
390.702 2.04969
773.668 0.483297
513.391 0.837922
1330.03 1.08143
544.269 0.305552
809.814 1.16588
179.075 2.19858
73.886 1.30224
294.812 1.28263
584.637 0.601032
-124.499 2.73395
386.229 0.799492
134.596 0.820043
325.31 0.800238
-28.2595 1.97022
263.498 0.737327
337.496 1.20899
1129.81 1.07692
680.354 1.17391
123.477 0.519142
363.058 0.890644
1330.03 0.998092
758.048 1.11149
309.543 1.51725
1690.68 1.32166
1200.42 0.976871
888.374 1.92902
190.358 2.43171
-333.827 3.47069
347.405 0.92723
1106.68 1.15385
666.696 0.926765
457.627 0.829991
1374.61 1.14317
609.514 0.88397
286.621 1.775
429.279 1.26551
528.128 0.956507
717.653 1.88196
326.257 -0.219248
783.796 0.722602
461.614 1.0878
544.677 2.42075
391.291 0.53083
825.424 2.55597
41.1095 2.35692
305.929 1.99748
1304.21 1.65596
1239.94 0.758229
421.096 2.63326
565.077 0.484934
1074.54 0.902185
1335.17 1.1808
47.6072 0.916792
1629.61 1.15015
595.734 0.730623
654.866 2.04099
-122.834 3.41755
753.791 1.88996
64.6987 2.24943
598.019 2.99584
426.123 1.21377
124.246 0.873037
866.078 0.837363
1157.26 1.20529
693.398 1.42273
410.362 0.948625
780.39 2.78857
1221.36 0.633185
297.061 0.962896
298.55 0.907582
343.609 0.399861
503.903 0.764472
725.024 0.703102
300.222 0.0765797
205.733 0.874483
359.89 0.38589
771.2 1.35337
287.019 -0.13755
682.102 1.55029
-84.9099 3.21868
908.764 1.2426
393.208 1.10939
566.644 0.506267
1207.2 1.24647
1443.06 1.15422
527.254 0.783896
407.136 1.28388
903.092 1.91386
1025.69 1.14609
1694.18 0.899006
770.216 0.768994
846.359 0.794677
217.941 3.40273
574.104 1.91821
1149.57 1.50748
940.118 0.804634
511.182 0.607657
1711.65 0.961547
888.185 0.161221
1611.51 0.619287
405.292 0.648443
461.728 1.42927
308.35 2.30541
575.904 0.738312
502.1 1.1891
439.472 3.20034
190.056 0.839187
61.9446 3.51437
1027.99 1.28001
331.4 1.36432
1450.73 0.740986
504.125 0.241036
96.7751 2.89841
724.326 1.68403
302.258 1.35891
1080.44 0.917626
698.919 0.0370312
247.759 2.54735
326.252 0.0276162
1249.08 0.872518
1086.7 1.70219
63.3069 0.916436
215.372 2.58053
676.226 0.414798
1071.3 0.530717
864.074 1.04077
1307.88 1.01986
503.5 1.03895
320.204 0.987022
1201.65 1.85862
1130.34 1.05071
394.88 0.56017
-14.1975 3.39953
1397.23 1.01013
167.715 1.5489
261.303 2.45637
488.679 1.01503
601.078 1.18014
-144.813 2.69705
745.835 2.74031
452.181 0.599334
353.784 1.22227
1014.92 1.93118
619.659 1.18532
141.648 3.41479
195.581 1.42573
11.8801 3.03364
261.552 0.551981
27.8708 0.0760189
515.341 2.44899
1671.03 0.937403
48.9551 0.953358
488.984 0.891658
1163.9 1.19573
151.525 0.655207
510.359 0.370969
474.713 1.01129
492.907 1.1538
368.359 1.14962
685.488 0.723824
93.4937 1.23223
579.002 -0.114002
662.955 2.32416
730.456 1.01244
1080.26 0.622236
251 2.80885
987.795 0.631039
19.2269 1.06358
1394.98 0.858382
1592.29 0.863069
2281 1.28763
47.7685 2.46317
381.67 0.875246
-170.394 2.77023
852.151 0.716234
816.239 1.57336
1170.03 0.957037
550.508 0.973297
116.084 -0.117488
58.4284 3.50924
479.169 0.567055
368.024 0.895552
570.178 1.68141
1027.89 1.47816
850.99 0.790035
1276.45 0.949719
1133.87 1.06911
703.852 2.0877
938.977 0.797545
1950.89 1.21104
432.478 1.90659
295.787 -0.291439
771.115 1.17922
1353.53 1.07349
1002.84 0.626537
746.297 0.496394
415.849 0.933887
515.668 0.844905
651.252 1.45612
517.718 0.492558
855.093 1.36127
676.143 1.5755
452.554 0.154712
525.527 2.73973
235.014 0.992622
1272.41 1.37119
555.319 1.12954
545.333 0.124777
225.464 0.669516
686.048 0.974416
601.846 0.650563
535.207 0.702518
581.825 1.72865
1686.52 1.03484
2174.76 0.921978
951.764 1.05608
281.023 0.553379
27.9331 1.80609
152.039 1.28927
29.0066 1.8747
292.159 1.2788
1340.03 1.12264
364.315 -0.0259237
857.67 0.281737
274.206 0.448977
1738.45 0.95851
460.478 1.95459
468.166 -0.507985
849.273 0.876985
615.686 -0.17021
363.434 0.579515
513.887 0.389193
1369.48 0.744646
448.903 1.66774
95.1545 1.45526
378.673 1.52519
2285.77 1.0631
326.725 1.19052
1339.16 1.08651
1141.01 1.81974
1424.37 1.19047
1946.65 1.20319
88.5266 1.86643
56.4117 0.939732
87.9685 1.83229
383.582 0.336135
61.0659 0.790413
277.792 2.77334
692.307 0.802724
915.16 2.05402
2154.98 1.19079
1080.11 1.59469
568.168 1.04799
